DEBUG - 2025-06-04 14:46:54 --> Session: Class initialized using 'CodeIgniter\Session\Handlers\FileHandler' driver.
DEBUG - 2025-06-04 14:47:36 --> Session: Class initialized using 'CodeIgniter\Session\Handlers\FileHandler' driver.
DEBUG - 2025-06-04 14:49:10 --> Session: Class initialized using 'CodeIgniter\Session\Handlers\FileHandler' driver.
DEBUG - 2025-06-04 14:49:51 --> Session: Class initialized using 'CodeIgniter\Session\Handlers\FileHandler' driver.
DEBUG - 2025-06-04 14:51:16 --> Session: Class initialized using 'CodeIgniter\Session\Handlers\FileHandler' driver.
DEBUG - 2025-06-04 14:53:28 --> Session: Class initialized using 'CodeIgniter\Session\Handlers\FileHandler' driver.
DEBUG - 2025-06-04 14:54:52 --> Session: Class initialized using 'CodeIgniter\Session\Handlers\FileHandler' driver.
DEBUG - 2025-06-04 14:55:06 --> Session: Class initialized using 'CodeIgniter\Session\Handlers\FileHandler' driver.
DEBUG - 2025-06-04 14:55:56 --> Session: Class initialized using 'CodeIgniter\Session\Handlers\FileHandler' driver.
DEBUG - 2025-06-04 14:56:06 --> Session: Class initialized using 'CodeIgniter\Session\Handlers\FileHandler' driver.
DEBUG - 2025-06-04 14:57:29 --> Session: Class initialized using 'CodeIgniter\Session\Handlers\FileHandler' driver.
DEBUG - 2025-06-04 14:57:56 --> Session: Class initialized using 'CodeIgniter\Session\Handlers\FileHandler' driver.
DEBUG - 2025-06-04 14:57:58 --> Session: Class initialized using 'CodeIgniter\Session\Handlers\FileHandler' driver.
DEBUG - 2025-06-04 14:58:23 --> Session: Class initialized using 'CodeIgniter\Session\Handlers\FileHandler' driver.
DEBUG - 2025-06-04 14:58:48 --> Session: Class initialized using 'CodeIgniter\Session\Handlers\FileHandler' driver.
DEBUG - 2025-06-04 14:58:58 --> Session: Class initialized using 'CodeIgniter\Session\Handlers\FileHandler' driver.
DEBUG - 2025-06-04 14:59:33 --> Session: Class initialized using 'CodeIgniter\Session\Handlers\FileHandler' driver.
DEBUG - 2025-06-04 15:00:07 --> Session: Class initialized using 'CodeIgniter\Session\Handlers\FileHandler' driver.
DEBUG - 2025-06-04 15:00:25 --> Session: Class initialized using 'CodeIgniter\Session\Handlers\FileHandler' driver.
DEBUG - 2025-06-04 15:00:27 --> Session: Class initialized using 'CodeIgniter\Session\Handlers\FileHandler' driver.
DEBUG - 2025-06-04 15:01:17 --> Session: Class initialized using 'CodeIgniter\Session\Handlers\FileHandler' driver.
DEBUG - 2025-06-04 15:01:19 --> Session: Class initialized using 'CodeIgniter\Session\Handlers\FileHandler' driver.
DEBUG - 2025-06-04 15:01:29 --> Session: Class initialized using 'CodeIgniter\Session\Handlers\FileHandler' driver.
DEBUG - 2025-06-04 15:01:33 --> Session: Class initialized using 'CodeIgniter\Session\Handlers\FileHandler' driver.
DEBUG - 2025-06-04 15:01:44 --> Session: Class initialized using 'CodeIgniter\Session\Handlers\FileHandler' driver.
DEBUG - 2025-06-04 15:01:46 --> Session: Class initialized using 'CodeIgniter\Session\Handlers\FileHandler' driver.
DEBUG - 2025-06-04 15:02:59 --> Session: Class initialized using 'CodeIgniter\Session\Handlers\FileHandler' driver.
DEBUG - 2025-06-04 15:03:02 --> Session: Class initialized using 'CodeIgniter\Session\Handlers\FileHandler' driver.
DEBUG - 2025-06-04 15:03:05 --> Session: Class initialized using 'CodeIgniter\Session\Handlers\FileHandler' driver.
DEBUG - 2025-06-04 15:03:11 --> Session: Class initialized using 'CodeIgniter\Session\Handlers\FileHandler' driver.
DEBUG - 2025-06-04 15:03:39 --> Session: Class initialized using 'CodeIgniter\Session\Handlers\FileHandler' driver.
DEBUG - 2025-06-04 15:03:43 --> Session: Class initialized using 'CodeIgniter\Session\Handlers\FileHandler' driver.
DEBUG - 2025-06-04 15:04:04 --> Session: Class initialized using 'CodeIgniter\Session\Handlers\FileHandler' driver.
DEBUG - 2025-06-04 15:04:54 --> Session: Class initialized using 'CodeIgniter\Session\Handlers\FileHandler' driver.
DEBUG - 2025-06-04 15:05:30 --> Session: Class initialized using 'CodeIgniter\Session\Handlers\FileHandler' driver.
DEBUG - 2025-06-04 15:05:36 --> Session: Class initialized using 'CodeIgniter\Session\Handlers\FileHandler' driver.
DEBUG - 2025-06-04 15:05:53 --> Session: Class initialized using 'CodeIgniter\Session\Handlers\FileHandler' driver.
DEBUG - 2025-06-04 15:07:40 --> Session: Class initialized using 'CodeIgniter\Session\Handlers\FileHandler' driver.
DEBUG - 2025-06-04 15:07:44 --> Session: Class initialized using 'CodeIgniter\Session\Handlers\FileHandler' driver.
DEBUG - 2025-06-04 15:07:56 --> Session: Class initialized using 'CodeIgniter\Session\Handlers\FileHandler' driver.
DEBUG - 2025-06-04 15:08:01 --> Session: Class initialized using 'CodeIgniter\Session\Handlers\FileHandler' driver.
DEBUG - 2025-06-04 15:08:16 --> Session: Class initialized using 'CodeIgniter\Session\Handlers\FileHandler' driver.
DEBUG - 2025-06-04 15:08:18 --> Session: Class initialized using 'CodeIgniter\Session\Handlers\FileHandler' driver.
DEBUG - 2025-06-04 15:08:43 --> Session: Class initialized using 'CodeIgniter\Session\Handlers\FileHandler' driver.
DEBUG - 2025-06-04 15:08:47 --> Session: Class initialized using 'CodeIgniter\Session\Handlers\FileHandler' driver.
DEBUG - 2025-06-04 15:08:50 --> Session: Class initialized using 'CodeIgniter\Session\Handlers\FileHandler' driver.
DEBUG - 2025-06-04 15:09:09 --> Session: Class initialized using 'CodeIgniter\Session\Handlers\FileHandler' driver.
DEBUG - 2025-06-04 15:09:11 --> Session: Class initialized using 'CodeIgniter\Session\Handlers\FileHandler' driver.
DEBUG - 2025-06-04 15:09:13 --> Session: Class initialized using 'CodeIgniter\Session\Handlers\FileHandler' driver.
DEBUG - 2025-06-04 15:12:37 --> Session: Class initialized using 'CodeIgniter\Session\Handlers\FileHandler' driver.
DEBUG - 2025-06-04 15:12:57 --> Session: Class initialized using 'CodeIgniter\Session\Handlers\FileHandler' driver.
DEBUG - 2025-06-04 15:12:59 --> Session: Class initialized using 'CodeIgniter\Session\Handlers\FileHandler' driver.
DEBUG - 2025-06-04 15:13:26 --> Session: Class initialized using 'CodeIgniter\Session\Handlers\FileHandler' driver.
DEBUG - 2025-06-04 15:13:28 --> Session: Class initialized using 'CodeIgniter\Session\Handlers\FileHandler' driver.
DEBUG - 2025-06-04 15:13:34 --> Session: Class initialized using 'CodeIgniter\Session\Handlers\FileHandler' driver.
DEBUG - 2025-06-04 15:17:12 --> Session: Class initialized using 'CodeIgniter\Session\Handlers\FileHandler' driver.
DEBUG - 2025-06-04 15:17:14 --> Session: Class initialized using 'CodeIgniter\Session\Handlers\FileHandler' driver.
DEBUG - 2025-06-04 15:17:24 --> Session: Class initialized using 'CodeIgniter\Session\Handlers\FileHandler' driver.
DEBUG - 2025-06-04 15:17:26 --> Session: Class initialized using 'CodeIgniter\Session\Handlers\FileHandler' driver.
DEBUG - 2025-06-04 15:17:28 --> Session: Class initialized using 'CodeIgniter\Session\Handlers\FileHandler' driver.
DEBUG - 2025-06-04 15:18:16 --> Session: Class initialized using 'CodeIgniter\Session\Handlers\FileHandler' driver.
DEBUG - 2025-06-04 15:18:20 --> Session: Class initialized using 'CodeIgniter\Session\Handlers\FileHandler' driver.
DEBUG - 2025-06-04 15:24:47 --> Session: Class initialized using 'CodeIgniter\Session\Handlers\FileHandler' driver.
DEBUG - 2025-06-04 15:26:24 --> Session: Class initialized using 'CodeIgniter\Session\Handlers\FileHandler' driver.
DEBUG - 2025-06-04 15:30:25 --> Session: Class initialized using 'CodeIgniter\Session\Handlers\FileHandler' driver.
DEBUG - 2025-06-04 15:42:44 --> Session: Class initialized using 'CodeIgniter\Session\Handlers\FileHandler' driver.
DEBUG - 2025-06-04 15:44:09 --> Session: Class initialized using 'CodeIgniter\Session\Handlers\FileHandler' driver.
DEBUG - 2025-06-04 15:44:40 --> Session: Class initialized using 'CodeIgniter\Session\Handlers\FileHandler' driver.
DEBUG - 2025-06-04 15:44:50 --> Session: Class initialized using 'CodeIgniter\Session\Handlers\FileHandler' driver.
DEBUG - 2025-06-04 15:45:12 --> Session: Class initialized using 'CodeIgniter\Session\Handlers\FileHandler' driver.
DEBUG - 2025-06-04 15:45:39 --> Session: Class initialized using 'CodeIgniter\Session\Handlers\FileHandler' driver.
DEBUG - 2025-06-04 15:46:59 --> Session: Class initialized using 'CodeIgniter\Session\Handlers\FileHandler' driver.
DEBUG - 2025-06-04 15:47:13 --> Session: Class initialized using 'CodeIgniter\Session\Handlers\FileHandler' driver.
DEBUG - 2025-06-04 15:47:32 --> Session: Class initialized using 'CodeIgniter\Session\Handlers\FileHandler' driver.
DEBUG - 2025-06-04 15:48:31 --> Session: Class initialized using 'CodeIgniter\Session\Handlers\FileHandler' driver.
DEBUG - 2025-06-04 15:49:13 --> Session: Class initialized using 'CodeIgniter\Session\Handlers\FileHandler' driver.
DEBUG - 2025-06-04 15:49:34 --> Session: Class initialized using 'CodeIgniter\Session\Handlers\FileHandler' driver.
DEBUG - 2025-06-04 15:49:35 --> Validation failed. Errors: <!-- DEBUG-VIEW START 1 SYSTEMPATH\Validation\Views\list.php -->
	<div class="errors" role="alert">
		<ul>
					<li>The password field must be at least 6 characters in length.</li>
					<li>The repassword field does not match the password field.</li>
				</ul>
	</div>

<!-- DEBUG-VIEW ENDED 1 SYSTEMPATH\Validation\Views\list.php -->

DEBUG - 2025-06-04 15:49:36 --> Session: Class initialized using 'CodeIgniter\Session\Handlers\FileHandler' driver.
DEBUG - 2025-06-04 15:50:32 --> Session: Class initialized using 'CodeIgniter\Session\Handlers\FileHandler' driver.
DEBUG - 2025-06-04 15:50:32 --> Validation failed. Errors: <!-- DEBUG-VIEW START 1 SYSTEMPATH\Validation\Views\list.php -->
	<div class="errors" role="alert">
		<ul>
					<li>The password field must be at least 6 characters in length.</li>
				</ul>
	</div>

<!-- DEBUG-VIEW ENDED 1 SYSTEMPATH\Validation\Views\list.php -->

DEBUG - 2025-06-04 15:50:32 --> Session: Class initialized using 'CodeIgniter\Session\Handlers\FileHandler' driver.
DEBUG - 2025-06-04 15:51:03 --> Session: Class initialized using 'CodeIgniter\Session\Handlers\FileHandler' driver.
DEBUG - 2025-06-04 15:51:20 --> Session: Class initialized using 'CodeIgniter\Session\Handlers\FileHandler' driver.
DEBUG - 2025-06-04 15:51:34 --> Session: Class initialized using 'CodeIgniter\Session\Handlers\FileHandler' driver.
DEBUG - 2025-06-04 15:51:48 --> Session: Class initialized using 'CodeIgniter\Session\Handlers\FileHandler' driver.
DEBUG - 2025-06-04 15:51:48 --> Validation failed. Errors: <!-- DEBUG-VIEW START 1 SYSTEMPATH\Validation\Views\list.php -->
	<div class="errors" role="alert">
		<ul>
					<li>The password field must be at least 6 characters in length.</li>
				</ul>
	</div>

<!-- DEBUG-VIEW ENDED 1 SYSTEMPATH\Validation\Views\list.php -->

DEBUG - 2025-06-04 15:51:48 --> Session: Class initialized using 'CodeIgniter\Session\Handlers\FileHandler' driver.
DEBUG - 2025-06-04 15:52:10 --> Session: Class initialized using 'CodeIgniter\Session\Handlers\FileHandler' driver.
DEBUG - 2025-06-04 15:52:21 --> Session: Class initialized using 'CodeIgniter\Session\Handlers\FileHandler' driver.
DEBUG - 2025-06-04 15:52:21 --> Validation failed. Errors: <!-- DEBUG-VIEW START 1 SYSTEMPATH\Validation\Views\list.php -->
	<div class="errors" role="alert">
		<ul>
					<li>The password field must be at least 6 characters in length.</li>
				</ul>
	</div>

<!-- DEBUG-VIEW ENDED 1 SYSTEMPATH\Validation\Views\list.php -->

DEBUG - 2025-06-04 15:52:22 --> Session: Class initialized using 'CodeIgniter\Session\Handlers\FileHandler' driver.
DEBUG - 2025-06-04 16:01:16 --> Session: Class initialized using 'CodeIgniter\Session\Handlers\FileHandler' driver.
DEBUG - 2025-06-04 16:01:36 --> Session: Class initialized using 'CodeIgniter\Session\Handlers\FileHandler' driver.
ERROR - 2025-06-04 16:01:36 --> mysqli_sql_exception: Unknown column 'users_fechaNacimiento' in 'field list' in C:\xampp\htdocs\bancoalimentos\system\Database\MySQLi\Connection.php:327
Stack trace:
#0 C:\xampp\htdocs\bancoalimentos\system\Database\MySQLi\Connection.php(327): mysqli->query('INSERT INTO `tb...', 0)
#1 C:\xampp\htdocs\bancoalimentos\system\Database\BaseConnection.php(738): CodeIgniter\Database\MySQLi\Connection->execute('INSERT INTO `tb...')
#2 C:\xampp\htdocs\bancoalimentos\system\Database\BaseConnection.php(652): CodeIgniter\Database\BaseConnection->simpleQuery('INSERT INTO `tb...')
#3 C:\xampp\htdocs\bancoalimentos\system\Database\BaseBuilder.php(2345): CodeIgniter\Database\BaseConnection->query('INSERT INTO `tb...', Array, false)
#4 C:\xampp\htdocs\bancoalimentos\app\Models\Users.php(39): CodeIgniter\Database\BaseBuilder->insert(Array)
#5 C:\xampp\htdocs\bancoalimentos\app\Controllers\register\RegisterController.php(60): App\Models\Users->insertUsuario(Array)
#6 C:\xampp\htdocs\bancoalimentos\system\CodeIgniter.php(933): App\Controllers\register\RegisterController->create()
#7 C:\xampp\htdocs\bancoalimentos\system\CodeIgniter.php(507): CodeIgniter\CodeIgniter->runController(Object(App\Controllers\register\RegisterController))
#8 C:\xampp\htdocs\bancoalimentos\system\CodeIgniter.php(354): CodeIgniter\CodeIgniter->handleRequest(NULL, Object(Config\Cache), false)
#9 C:\xampp\htdocs\bancoalimentos\system\Boot.php(334): CodeIgniter\CodeIgniter->run()
#10 C:\xampp\htdocs\bancoalimentos\system\Boot.php(67): CodeIgniter\Boot::runCodeIgniter(Object(CodeIgniter\CodeIgniter))
#11 C:\xampp\htdocs\bancoalimentos\index.php(59): CodeIgniter\Boot::bootWeb(Object(Config\Paths))
#12 {main}
CRITICAL - 2025-06-04 16:01:36 --> CodeIgniter\Database\Exceptions\DatabaseException: Unknown column 'users_fechaNacimiento' in 'field list'
[Method: POST, Route: create]
in SYSTEMPATH\Database\BaseConnection.php on line 692.
 1 SYSTEMPATH\Database\BaseBuilder.php(2345): CodeIgniter\Database\BaseConnection->query('INSERT INTO `tbl_users` (`users_nombreUsuario`, `users_nombre`, `users_apellido`, `users_email`, `users_cedula`, `users_telefono`, `users_fechaNacimiento`, `users_genero`, `users_password`) VALUES (:users_nombreUsuario:, :users_nombre:, :users_apellido:, :users_email:, :users_cedula:, :users_telefono:, :users_fechaNacimiento:, :users_genero:, :users_password:)', [...], false)
 2 APPPATH\Models\Users.php(39): CodeIgniter\Database\BaseBuilder->insert([...])
 3 APPPATH\Controllers\register\RegisterController.php(60): App\Models\Users->insertUsuario([...])
 4 SYSTEMPATH\CodeIgniter.php(933): App\Controllers\register\RegisterController->create()
 5 SYSTEMPATH\CodeIgniter.php(507): CodeIgniter\CodeIgniter->runController(Object(App\Controllers\register\RegisterController))
 6 SYSTEMPATH\CodeIgniter.php(354): CodeIgniter\CodeIgniter->handleRequest(null, Object(Config\Cache), false)
 7 SYSTEMPATH\Boot.php(334): CodeIgniter\CodeIgniter->run()
 8 SYSTEMPATH\Boot.php(67): CodeIgniter\Boot::runCodeIgniter(Object(CodeIgniter\CodeIgniter))
 9 FCPATH\index.php(59): CodeIgniter\Boot::bootWeb(Object(Config\Paths))
CRITICAL - 2025-06-04 16:01:36 --> [Caused by] CodeIgniter\Database\Exceptions\DatabaseException: Unknown column 'users_fechaNacimiento' in 'field list'
in SYSTEMPATH\Database\MySQLi\Connection.php on line 332.
 1 SYSTEMPATH\Database\BaseConnection.php(738): CodeIgniter\Database\MySQLi\Connection->execute('INSERT INTO `tbl_users` (`users_nombreUsuario`, `users_nombre`, `users_apellido`, `users_email`, `users_cedula`, `users_telefono`, `users_fechaNacimiento`, `users_genero`, `users_password`) VALUES (\'123\', \'123\', \'123\', \'123@mail.com\', \'10020030\', \'123123123\', \'1212-12-12\', \'1\', \'$2y$10$fyKMImC7s1tLk2cCeGMJieJ7Tqwl1Z5s.QoIoJZL4SfA8exw77bkK\')')
 2 SYSTEMPATH\Database\BaseConnection.php(652): CodeIgniter\Database\BaseConnection->simpleQuery('INSERT INTO `tbl_users` (`users_nombreUsuario`, `users_nombre`, `users_apellido`, `users_email`, `users_cedula`, `users_telefono`, `users_fechaNacimiento`, `users_genero`, `users_password`) VALUES (\'123\', \'123\', \'123\', \'123@mail.com\', \'10020030\', \'123123123\', \'1212-12-12\', \'1\', \'$2y$10$fyKMImC7s1tLk2cCeGMJieJ7Tqwl1Z5s.QoIoJZL4SfA8exw77bkK\')')
 3 SYSTEMPATH\Database\BaseBuilder.php(2345): CodeIgniter\Database\BaseConnection->query('INSERT INTO `tbl_users` (`users_nombreUsuario`, `users_nombre`, `users_apellido`, `users_email`, `users_cedula`, `users_telefono`, `users_fechaNacimiento`, `users_genero`, `users_password`) VALUES (:users_nombreUsuario:, :users_nombre:, :users_apellido:, :users_email:, :users_cedula:, :users_telefono:, :users_fechaNacimiento:, :users_genero:, :users_password:)', [...], false)
 4 APPPATH\Models\Users.php(39): CodeIgniter\Database\BaseBuilder->insert([...])
 5 APPPATH\Controllers\register\RegisterController.php(60): App\Models\Users->insertUsuario([...])
 6 SYSTEMPATH\CodeIgniter.php(933): App\Controllers\register\RegisterController->create()
 7 SYSTEMPATH\CodeIgniter.php(507): CodeIgniter\CodeIgniter->runController(Object(App\Controllers\register\RegisterController))
 8 SYSTEMPATH\CodeIgniter.php(354): CodeIgniter\CodeIgniter->handleRequest(null, Object(Config\Cache), false)
 9 SYSTEMPATH\Boot.php(334): CodeIgniter\CodeIgniter->run()
10 SYSTEMPATH\Boot.php(67): CodeIgniter\Boot::runCodeIgniter(Object(CodeIgniter\CodeIgniter))
11 FCPATH\index.php(59): CodeIgniter\Boot::bootWeb(Object(Config\Paths))
CRITICAL - 2025-06-04 16:01:36 --> [Caused by] mysqli_sql_exception: Unknown column 'users_fechaNacimiento' in 'field list'
in SYSTEMPATH\Database\MySQLi\Connection.php on line 327.
 1 SYSTEMPATH\Database\MySQLi\Connection.php(327): mysqli->query('INSERT INTO `tbl_users` (`users_nombreUsuario`, `users_nombre`, `users_apellido`, `users_email`, `users_cedula`, `users_telefono`, `users_fechaNacimiento`, `users_genero`, `users_password`) VALUES (\'123\', \'123\', \'123\', \'123@mail.com\', \'10020030\', \'123123123\', \'1212-12-12\', \'1\', \'$2y$10$fyKMImC7s1tLk2cCeGMJieJ7Tqwl1Z5s.QoIoJZL4SfA8exw77bkK\')', 0)
 2 SYSTEMPATH\Database\BaseConnection.php(738): CodeIgniter\Database\MySQLi\Connection->execute('INSERT INTO `tbl_users` (`users_nombreUsuario`, `users_nombre`, `users_apellido`, `users_email`, `users_cedula`, `users_telefono`, `users_fechaNacimiento`, `users_genero`, `users_password`) VALUES (\'123\', \'123\', \'123\', \'123@mail.com\', \'10020030\', \'123123123\', \'1212-12-12\', \'1\', \'$2y$10$fyKMImC7s1tLk2cCeGMJieJ7Tqwl1Z5s.QoIoJZL4SfA8exw77bkK\')')
 3 SYSTEMPATH\Database\BaseConnection.php(652): CodeIgniter\Database\BaseConnection->simpleQuery('INSERT INTO `tbl_users` (`users_nombreUsuario`, `users_nombre`, `users_apellido`, `users_email`, `users_cedula`, `users_telefono`, `users_fechaNacimiento`, `users_genero`, `users_password`) VALUES (\'123\', \'123\', \'123\', \'123@mail.com\', \'10020030\', \'123123123\', \'1212-12-12\', \'1\', \'$2y$10$fyKMImC7s1tLk2cCeGMJieJ7Tqwl1Z5s.QoIoJZL4SfA8exw77bkK\')')
 4 SYSTEMPATH\Database\BaseBuilder.php(2345): CodeIgniter\Database\BaseConnection->query('INSERT INTO `tbl_users` (`users_nombreUsuario`, `users_nombre`, `users_apellido`, `users_email`, `users_cedula`, `users_telefono`, `users_fechaNacimiento`, `users_genero`, `users_password`) VALUES (:users_nombreUsuario:, :users_nombre:, :users_apellido:, :users_email:, :users_cedula:, :users_telefono:, :users_fechaNacimiento:, :users_genero:, :users_password:)', [...], false)
 5 APPPATH\Models\Users.php(39): CodeIgniter\Database\BaseBuilder->insert([...])
 6 APPPATH\Controllers\register\RegisterController.php(60): App\Models\Users->insertUsuario([...])
 7 SYSTEMPATH\CodeIgniter.php(933): App\Controllers\register\RegisterController->create()
 8 SYSTEMPATH\CodeIgniter.php(507): CodeIgniter\CodeIgniter->runController(Object(App\Controllers\register\RegisterController))
 9 SYSTEMPATH\CodeIgniter.php(354): CodeIgniter\CodeIgniter->handleRequest(null, Object(Config\Cache), false)
10 SYSTEMPATH\Boot.php(334): CodeIgniter\CodeIgniter->run()
11 SYSTEMPATH\Boot.php(67): CodeIgniter\Boot::runCodeIgniter(Object(CodeIgniter\CodeIgniter))
12 FCPATH\index.php(59): CodeIgniter\Boot::bootWeb(Object(Config\Paths))
DEBUG - 2025-06-04 16:01:55 --> Session: Class initialized using 'CodeIgniter\Session\Handlers\FileHandler' driver.
DEBUG - 2025-06-04 16:01:58 --> Session: Class initialized using 'CodeIgniter\Session\Handlers\FileHandler' driver.
DEBUG - 2025-06-04 16:02:00 --> Session: Class initialized using 'CodeIgniter\Session\Handlers\FileHandler' driver.
DEBUG - 2025-06-04 16:02:26 --> Session: Class initialized using 'CodeIgniter\Session\Handlers\FileHandler' driver.
ERROR - 2025-06-04 16:02:26 --> mysqli_sql_exception: Unknown column 'users_password' in 'field list' in C:\xampp\htdocs\bancoalimentos\system\Database\MySQLi\Connection.php:327
Stack trace:
#0 C:\xampp\htdocs\bancoalimentos\system\Database\MySQLi\Connection.php(327): mysqli->query('INSERT INTO `tb...', 0)
#1 C:\xampp\htdocs\bancoalimentos\system\Database\BaseConnection.php(738): CodeIgniter\Database\MySQLi\Connection->execute('INSERT INTO `tb...')
#2 C:\xampp\htdocs\bancoalimentos\system\Database\BaseConnection.php(652): CodeIgniter\Database\BaseConnection->simpleQuery('INSERT INTO `tb...')
#3 C:\xampp\htdocs\bancoalimentos\system\Database\BaseBuilder.php(2345): CodeIgniter\Database\BaseConnection->query('INSERT INTO `tb...', Array, false)
#4 C:\xampp\htdocs\bancoalimentos\app\Models\Users.php(39): CodeIgniter\Database\BaseBuilder->insert(Array)
#5 C:\xampp\htdocs\bancoalimentos\app\Controllers\register\RegisterController.php(60): App\Models\Users->insertUsuario(Array)
#6 C:\xampp\htdocs\bancoalimentos\system\CodeIgniter.php(933): App\Controllers\register\RegisterController->create()
#7 C:\xampp\htdocs\bancoalimentos\system\CodeIgniter.php(507): CodeIgniter\CodeIgniter->runController(Object(App\Controllers\register\RegisterController))
#8 C:\xampp\htdocs\bancoalimentos\system\CodeIgniter.php(354): CodeIgniter\CodeIgniter->handleRequest(NULL, Object(Config\Cache), false)
#9 C:\xampp\htdocs\bancoalimentos\system\Boot.php(334): CodeIgniter\CodeIgniter->run()
#10 C:\xampp\htdocs\bancoalimentos\system\Boot.php(67): CodeIgniter\Boot::runCodeIgniter(Object(CodeIgniter\CodeIgniter))
#11 C:\xampp\htdocs\bancoalimentos\index.php(59): CodeIgniter\Boot::bootWeb(Object(Config\Paths))
#12 {main}
CRITICAL - 2025-06-04 16:02:26 --> CodeIgniter\Database\Exceptions\DatabaseException: Unknown column 'users_password' in 'field list'
[Method: POST, Route: create]
in SYSTEMPATH\Database\BaseConnection.php on line 692.
 1 SYSTEMPATH\Database\BaseBuilder.php(2345): CodeIgniter\Database\BaseConnection->query('INSERT INTO `tbl_users` (`users_nombreUsuario`, `users_nombre`, `users_apellido`, `users_email`, `users_cedula`, `users_telefono`, `users_fecha_de_nacimiento`, `users_genero`, `users_password`) VALUES (:users_nombreUsuario:, :users_nombre:, :users_apellido:, :users_email:, :users_cedula:, :users_telefono:, :users_fecha_de_nacimiento:, :users_genero:, :users_password:)', [...], false)
 2 APPPATH\Models\Users.php(39): CodeIgniter\Database\BaseBuilder->insert([...])
 3 APPPATH\Controllers\register\RegisterController.php(60): App\Models\Users->insertUsuario([...])
 4 SYSTEMPATH\CodeIgniter.php(933): App\Controllers\register\RegisterController->create()
 5 SYSTEMPATH\CodeIgniter.php(507): CodeIgniter\CodeIgniter->runController(Object(App\Controllers\register\RegisterController))
 6 SYSTEMPATH\CodeIgniter.php(354): CodeIgniter\CodeIgniter->handleRequest(null, Object(Config\Cache), false)
 7 SYSTEMPATH\Boot.php(334): CodeIgniter\CodeIgniter->run()
 8 SYSTEMPATH\Boot.php(67): CodeIgniter\Boot::runCodeIgniter(Object(CodeIgniter\CodeIgniter))
 9 FCPATH\index.php(59): CodeIgniter\Boot::bootWeb(Object(Config\Paths))
CRITICAL - 2025-06-04 16:02:26 --> [Caused by] CodeIgniter\Database\Exceptions\DatabaseException: Unknown column 'users_password' in 'field list'
in SYSTEMPATH\Database\MySQLi\Connection.php on line 332.
 1 SYSTEMPATH\Database\BaseConnection.php(738): CodeIgniter\Database\MySQLi\Connection->execute('INSERT INTO `tbl_users` (`users_nombreUsuario`, `users_nombre`, `users_apellido`, `users_email`, `users_cedula`, `users_telefono`, `users_fecha_de_nacimiento`, `users_genero`, `users_password`) VALUES (\'juan\', \'juan\', \'mendosa\', \'juan@mail.com\', \'1002003001\', \'0900200300\', \'1212-12-12\', \'1\', \'$2y$10$nUXppZcD8Bfe/q/XxrOwguaE1OW.2B9.mJubWKgwPGyv3iCt2OOPW\')')
 2 SYSTEMPATH\Database\BaseConnection.php(652): CodeIgniter\Database\BaseConnection->simpleQuery('INSERT INTO `tbl_users` (`users_nombreUsuario`, `users_nombre`, `users_apellido`, `users_email`, `users_cedula`, `users_telefono`, `users_fecha_de_nacimiento`, `users_genero`, `users_password`) VALUES (\'juan\', \'juan\', \'mendosa\', \'juan@mail.com\', \'1002003001\', \'0900200300\', \'1212-12-12\', \'1\', \'$2y$10$nUXppZcD8Bfe/q/XxrOwguaE1OW.2B9.mJubWKgwPGyv3iCt2OOPW\')')
 3 SYSTEMPATH\Database\BaseBuilder.php(2345): CodeIgniter\Database\BaseConnection->query('INSERT INTO `tbl_users` (`users_nombreUsuario`, `users_nombre`, `users_apellido`, `users_email`, `users_cedula`, `users_telefono`, `users_fecha_de_nacimiento`, `users_genero`, `users_password`) VALUES (:users_nombreUsuario:, :users_nombre:, :users_apellido:, :users_email:, :users_cedula:, :users_telefono:, :users_fecha_de_nacimiento:, :users_genero:, :users_password:)', [...], false)
 4 APPPATH\Models\Users.php(39): CodeIgniter\Database\BaseBuilder->insert([...])
 5 APPPATH\Controllers\register\RegisterController.php(60): App\Models\Users->insertUsuario([...])
 6 SYSTEMPATH\CodeIgniter.php(933): App\Controllers\register\RegisterController->create()
 7 SYSTEMPATH\CodeIgniter.php(507): CodeIgniter\CodeIgniter->runController(Object(App\Controllers\register\RegisterController))
 8 SYSTEMPATH\CodeIgniter.php(354): CodeIgniter\CodeIgniter->handleRequest(null, Object(Config\Cache), false)
 9 SYSTEMPATH\Boot.php(334): CodeIgniter\CodeIgniter->run()
10 SYSTEMPATH\Boot.php(67): CodeIgniter\Boot::runCodeIgniter(Object(CodeIgniter\CodeIgniter))
11 FCPATH\index.php(59): CodeIgniter\Boot::bootWeb(Object(Config\Paths))
CRITICAL - 2025-06-04 16:02:26 --> [Caused by] mysqli_sql_exception: Unknown column 'users_password' in 'field list'
in SYSTEMPATH\Database\MySQLi\Connection.php on line 327.
 1 SYSTEMPATH\Database\MySQLi\Connection.php(327): mysqli->query('INSERT INTO `tbl_users` (`users_nombreUsuario`, `users_nombre`, `users_apellido`, `users_email`, `users_cedula`, `users_telefono`, `users_fecha_de_nacimiento`, `users_genero`, `users_password`) VALUES (\'juan\', \'juan\', \'mendosa\', \'juan@mail.com\', \'1002003001\', \'0900200300\', \'1212-12-12\', \'1\', \'$2y$10$nUXppZcD8Bfe/q/XxrOwguaE1OW.2B9.mJubWKgwPGyv3iCt2OOPW\')', 0)
 2 SYSTEMPATH\Database\BaseConnection.php(738): CodeIgniter\Database\MySQLi\Connection->execute('INSERT INTO `tbl_users` (`users_nombreUsuario`, `users_nombre`, `users_apellido`, `users_email`, `users_cedula`, `users_telefono`, `users_fecha_de_nacimiento`, `users_genero`, `users_password`) VALUES (\'juan\', \'juan\', \'mendosa\', \'juan@mail.com\', \'1002003001\', \'0900200300\', \'1212-12-12\', \'1\', \'$2y$10$nUXppZcD8Bfe/q/XxrOwguaE1OW.2B9.mJubWKgwPGyv3iCt2OOPW\')')
 3 SYSTEMPATH\Database\BaseConnection.php(652): CodeIgniter\Database\BaseConnection->simpleQuery('INSERT INTO `tbl_users` (`users_nombreUsuario`, `users_nombre`, `users_apellido`, `users_email`, `users_cedula`, `users_telefono`, `users_fecha_de_nacimiento`, `users_genero`, `users_password`) VALUES (\'juan\', \'juan\', \'mendosa\', \'juan@mail.com\', \'1002003001\', \'0900200300\', \'1212-12-12\', \'1\', \'$2y$10$nUXppZcD8Bfe/q/XxrOwguaE1OW.2B9.mJubWKgwPGyv3iCt2OOPW\')')
 4 SYSTEMPATH\Database\BaseBuilder.php(2345): CodeIgniter\Database\BaseConnection->query('INSERT INTO `tbl_users` (`users_nombreUsuario`, `users_nombre`, `users_apellido`, `users_email`, `users_cedula`, `users_telefono`, `users_fecha_de_nacimiento`, `users_genero`, `users_password`) VALUES (:users_nombreUsuario:, :users_nombre:, :users_apellido:, :users_email:, :users_cedula:, :users_telefono:, :users_fecha_de_nacimiento:, :users_genero:, :users_password:)', [...], false)
 5 APPPATH\Models\Users.php(39): CodeIgniter\Database\BaseBuilder->insert([...])
 6 APPPATH\Controllers\register\RegisterController.php(60): App\Models\Users->insertUsuario([...])
 7 SYSTEMPATH\CodeIgniter.php(933): App\Controllers\register\RegisterController->create()
 8 SYSTEMPATH\CodeIgniter.php(507): CodeIgniter\CodeIgniter->runController(Object(App\Controllers\register\RegisterController))
 9 SYSTEMPATH\CodeIgniter.php(354): CodeIgniter\CodeIgniter->handleRequest(null, Object(Config\Cache), false)
10 SYSTEMPATH\Boot.php(334): CodeIgniter\CodeIgniter->run()
11 SYSTEMPATH\Boot.php(67): CodeIgniter\Boot::runCodeIgniter(Object(CodeIgniter\CodeIgniter))
12 FCPATH\index.php(59): CodeIgniter\Boot::bootWeb(Object(Config\Paths))
DEBUG - 2025-06-04 16:02:45 --> Session: Class initialized using 'CodeIgniter\Session\Handlers\FileHandler' driver.
DEBUG - 2025-06-04 16:02:46 --> Session: Class initialized using 'CodeIgniter\Session\Handlers\FileHandler' driver.
DEBUG - 2025-06-04 16:03:10 --> Session: Class initialized using 'CodeIgniter\Session\Handlers\FileHandler' driver.
DEBUG - 2025-06-04 16:11:12 --> Session: Class initialized using 'CodeIgniter\Session\Handlers\FileHandler' driver.
DEBUG - 2025-06-04 16:11:43 --> Session: Class initialized using 'CodeIgniter\Session\Handlers\FileHandler' driver.
DEBUG - 2025-06-04 16:15:28 --> Session: Class initialized using 'CodeIgniter\Session\Handlers\FileHandler' driver.
DEBUG - 2025-06-04 16:15:28 --> Validation failed. Errors: <!-- DEBUG-VIEW START 1 SYSTEMPATH\Validation\Views\list.php -->
	<div class="errors" role="alert">
		<ul>
					<li>The nombreUsuario field must contain a unique value.</li>
					<li>The email field must contain a unique value.</li>
					<li>The cedula field must contain a unique value.</li>
				</ul>
	</div>

<!-- DEBUG-VIEW ENDED 1 SYSTEMPATH\Validation\Views\list.php -->

DEBUG - 2025-06-04 16:44:08 --> Session: Class initialized using 'CodeIgniter\Session\Handlers\FileHandler' driver.
DEBUG - 2025-06-04 16:45:00 --> Session: Class initialized using 'CodeIgniter\Session\Handlers\FileHandler' driver.
