DEBUG - 2025-06-09 16:32:14 --> Session: Class initialized using 'CodeIgniter\Session\Handlers\FileHandler' driver.
DEBUG - 2025-06-09 16:32:44 --> Session: Class initialized using 'CodeIgniter\Session\Handlers\FileHandler' driver.
DEBUG - 2025-06-09 16:33:25 --> Session: Class initialized using 'CodeIgniter\Session\Handlers\FileHandler' driver.
DEBUG - 2025-06-09 16:33:27 --> Session: Class initialized using 'CodeIgniter\Session\Handlers\FileHandler' driver.
DEBUG - 2025-06-09 16:33:31 --> Session: Class initialized using 'CodeIgniter\Session\Handlers\FileHandler' driver.
DEBUG - 2025-06-09 16:33:46 --> Session: Class initialized using 'CodeIgniter\Session\Handlers\FileHandler' driver.
DEBUG - 2025-06-09 16:35:53 --> Session: Class initialized using 'CodeIgniter\Session\Handlers\FileHandler' driver.
DEBUG - 2025-06-09 16:36:38 --> Session: Class initialized using 'CodeIgniter\Session\Handlers\FileHandler' driver.
DEBUG - 2025-06-09 16:37:14 --> Session: Class initialized using 'CodeIgniter\Session\Handlers\FileHandler' driver.
DEBUG - 2025-06-09 16:42:27 --> Session: Class initialized using 'CodeIgniter\Session\Handlers\FileHandler' driver.
DEBUG - 2025-06-09 16:42:33 --> Session: Class initialized using 'CodeIgniter\Session\Handlers\FileHandler' driver.
DEBUG - 2025-06-09 16:43:47 --> Session: Class initialized using 'CodeIgniter\Session\Handlers\FileHandler' driver.
CRITICAL - 2025-06-09 16:43:47 --> CodeIgniter\View\Exceptions\ViewException: Invalid file: "datosGenerales/signup.php"
[Method: GET, Route: formDatosGenerales]
in SYSTEMPATH\Exceptions\FrameworkException.php on line 39.
 1 SYSTEMPATH\View\View.php(212): CodeIgniter\Exceptions\FrameworkException::forInvalidFile('datosGenerales/signup.php')
 2 SYSTEMPATH\Common.php(1173): CodeIgniter\View\View->render('datosGenerales/signup', [], true)
 3 APPPATH\Controllers\datos_generales\DatosGeneralesLoginController.php(22): view('datosGenerales/signup')
 4 SYSTEMPATH\CodeIgniter.php(933): App\Controllers\datos_generales\DatosGeneralesLoginController->index()
 5 SYSTEMPATH\CodeIgniter.php(507): CodeIgniter\CodeIgniter->runController(Object(App\Controllers\datos_generales\DatosGeneralesLoginController))
 6 SYSTEMPATH\CodeIgniter.php(354): CodeIgniter\CodeIgniter->handleRequest(null, Object(Config\Cache), false)
 7 SYSTEMPATH\Boot.php(334): CodeIgniter\CodeIgniter->run()
 8 SYSTEMPATH\Boot.php(67): CodeIgniter\Boot::runCodeIgniter(Object(CodeIgniter\CodeIgniter))
 9 FCPATH\index.php(59): CodeIgniter\Boot::bootWeb(Object(Config\Paths))
DEBUG - 2025-06-09 16:43:57 --> Session: Class initialized using 'CodeIgniter\Session\Handlers\FileHandler' driver.
DEBUG - 2025-06-09 16:51:07 --> Session: Class initialized using 'CodeIgniter\Session\Handlers\FileHandler' driver.
DEBUG - 2025-06-09 16:51:13 --> Session: Class initialized using 'CodeIgniter\Session\Handlers\FileHandler' driver.
ERROR - 2025-06-09 16:51:13 --> mysqli_sql_exception: Column 'id_users' cannot be null in C:\xampp\htdocs\bancoAlimentos\system\Database\MySQLi\Connection.php:327
Stack trace:
#0 C:\xampp\htdocs\bancoAlimentos\system\Database\MySQLi\Connection.php(327): mysqli->query('INSERT INTO `tb...', 0)
#1 C:\xampp\htdocs\bancoAlimentos\system\Database\BaseConnection.php(738): CodeIgniter\Database\MySQLi\Connection->execute('INSERT INTO `tb...')
#2 C:\xampp\htdocs\bancoAlimentos\system\Database\BaseConnection.php(652): CodeIgniter\Database\BaseConnection->simpleQuery('INSERT INTO `tb...')
#3 C:\xampp\htdocs\bancoAlimentos\system\Database\BaseBuilder.php(2345): CodeIgniter\Database\BaseConnection->query('INSERT INTO `tb...', Array, false)
#4 C:\xampp\htdocs\bancoAlimentos\app\Models\DatosGenerales.php(72): CodeIgniter\Database\BaseBuilder->insert(Array)
#5 C:\xampp\htdocs\bancoAlimentos\app\Controllers\datos_generales\DatosGeneralesLoginController.php(63): App\Models\DatosGenerales->insertUsuario(Array)
#6 C:\xampp\htdocs\bancoAlimentos\system\CodeIgniter.php(933): App\Controllers\datos_generales\DatosGeneralesLoginController->create()
#7 C:\xampp\htdocs\bancoAlimentos\system\CodeIgniter.php(507): CodeIgniter\CodeIgniter->runController(Object(App\Controllers\datos_generales\DatosGeneralesLoginController))
#8 C:\xampp\htdocs\bancoAlimentos\system\CodeIgniter.php(354): CodeIgniter\CodeIgniter->handleRequest(NULL, Object(Config\Cache), false)
#9 C:\xampp\htdocs\bancoAlimentos\system\Boot.php(334): CodeIgniter\CodeIgniter->run()
#10 C:\xampp\htdocs\bancoAlimentos\system\Boot.php(67): CodeIgniter\Boot::runCodeIgniter(Object(CodeIgniter\CodeIgniter))
#11 C:\xampp\htdocs\bancoAlimentos\index.php(59): CodeIgniter\Boot::bootWeb(Object(Config\Paths))
#12 {main}
CRITICAL - 2025-06-09 16:51:13 --> CodeIgniter\Database\Exceptions\DatabaseException: Column 'id_users' cannot be null
[Method: POST, Route: insertDatosGenerales]
in SYSTEMPATH\Database\BaseConnection.php on line 692.
 1 SYSTEMPATH\Database\BaseBuilder.php(2345): CodeIgniter\Database\BaseConnection->query('INSERT INTO `tbl_datos_generales` (`id_users`, `datos_provincia`, `datos_canton`, `datos_parroquias`, `datos_comunidades`, `datos_barrios`, `datos_tipo_viviendas`, `datos_techos`, `datos_paredes`, `datos_pisos`, `datos_cuarto`, `datos_combustibles_cocina`, `datos_servicios_higienicos`, `datos_viviendas`, `datos_pago_vivienda`, `datos_agua`, `datos_pago_agua`, `datos_pago_luz`, `datos_cantidad_luz`, `datos_internet`, `datos_pago_internet`, `datos_tv_cable`, `datos_tv_pago`, `datos_eliminacion_basura`, `datos_lugares_mayor_frecuencia_viveres`, `datos_gastos_viveres_alimentacion`, `datos_medio_transporte`, `datos_estado_transporte`, `datos_terrenos`, `datos_celular`, `datos_cantidad_celulare`, `datos_plan_celular`) VALUES (:id_users:, :datos_provincia:, :datos_canton:, :datos_parroquias:, :datos_comunidades:, :datos_barrios:, :datos_tipo_viviendas:, :datos_techos:, :datos_paredes:, :datos_pisos:, :datos_cuarto:, :datos_combustibles_cocina:, :datos_servicios_higienicos:, :datos_viviendas:, :datos_pago_vivienda:, :datos_agua:, :datos_pago_agua:, :datos_pago_luz:, :datos_cantidad_luz:, :datos_internet:, :datos_pago_internet:, :datos_tv_cable:, :datos_tv_pago:, :datos_eliminacion_basura:, :datos_lugares_mayor_frecuencia_viveres:, :datos_gastos_viveres_alimentacion:, :datos_medio_transporte:, :datos_estado_transporte:, :datos_terrenos:, :datos_celular:, :datos_cantidad_celulare:, :datos_plan_celular:)', [...], false)
 2 APPPATH\Models\DatosGenerales.php(72): CodeIgniter\Database\BaseBuilder->insert([...])
 3 APPPATH\Controllers\datos_generales\DatosGeneralesLoginController.php(63): App\Models\DatosGenerales->insertUsuario([...])
 4 SYSTEMPATH\CodeIgniter.php(933): App\Controllers\datos_generales\DatosGeneralesLoginController->create()
 5 SYSTEMPATH\CodeIgniter.php(507): CodeIgniter\CodeIgniter->runController(Object(App\Controllers\datos_generales\DatosGeneralesLoginController))
 6 SYSTEMPATH\CodeIgniter.php(354): CodeIgniter\CodeIgniter->handleRequest(null, Object(Config\Cache), false)
 7 SYSTEMPATH\Boot.php(334): CodeIgniter\CodeIgniter->run()
 8 SYSTEMPATH\Boot.php(67): CodeIgniter\Boot::runCodeIgniter(Object(CodeIgniter\CodeIgniter))
 9 FCPATH\index.php(59): CodeIgniter\Boot::bootWeb(Object(Config\Paths))
CRITICAL - 2025-06-09 16:51:13 --> [Caused by] CodeIgniter\Database\Exceptions\DatabaseException: Column 'id_users' cannot be null
in SYSTEMPATH\Database\MySQLi\Connection.php on line 332.
 1 SYSTEMPATH\Database\BaseConnection.php(738): CodeIgniter\Database\MySQLi\Connection->execute('INSERT INTO `tbl_datos_generales` (`id_users`, `datos_provincia`, `datos_canton`, `datos_parroquias`, `datos_comunidades`, `datos_barrios`, `datos_tipo_viviendas`, `datos_techos`, `datos_paredes`, `datos_pisos`, `datos_cuarto`, `datos_combustibles_cocina`, `datos_servicios_higienicos`, `datos_viviendas`, `datos_pago_vivienda`, `datos_agua`, `datos_pago_agua`, `datos_pago_luz`, `datos_cantidad_luz`, `datos_internet`, `datos_pago_internet`, `datos_tv_cable`, `datos_tv_pago`, `datos_eliminacion_basura`, `datos_lugares_mayor_frecuencia_viveres`, `datos_gastos_viveres_alimentacion`, `datos_medio_transporte`, `datos_estado_transporte`, `datos_terrenos`, `datos_celular`, `datos_cantidad_celulare`, `datos_plan_celular`) VALUES (NULL, \'Imabura\', \'Ibarra\', \'12344\', \'12344\', \'12344\', \'12344\', \'12344\', \'12344\', \'12344\', \'12344\', \'12344\', \'12344\', \'12344\', \'12344\', \'12344\', \'12344\', \'12344\', \'12344\', \'12344\', \'12344\', \'12344\', \'12344\', \'12344\', \'12344\', \'12344\', \'12344\', \'12344\', \'12344\', \'12344\', \'12344\', \'12344\')')
 2 SYSTEMPATH\Database\BaseConnection.php(652): CodeIgniter\Database\BaseConnection->simpleQuery('INSERT INTO `tbl_datos_generales` (`id_users`, `datos_provincia`, `datos_canton`, `datos_parroquias`, `datos_comunidades`, `datos_barrios`, `datos_tipo_viviendas`, `datos_techos`, `datos_paredes`, `datos_pisos`, `datos_cuarto`, `datos_combustibles_cocina`, `datos_servicios_higienicos`, `datos_viviendas`, `datos_pago_vivienda`, `datos_agua`, `datos_pago_agua`, `datos_pago_luz`, `datos_cantidad_luz`, `datos_internet`, `datos_pago_internet`, `datos_tv_cable`, `datos_tv_pago`, `datos_eliminacion_basura`, `datos_lugares_mayor_frecuencia_viveres`, `datos_gastos_viveres_alimentacion`, `datos_medio_transporte`, `datos_estado_transporte`, `datos_terrenos`, `datos_celular`, `datos_cantidad_celulare`, `datos_plan_celular`) VALUES (NULL, \'Imabura\', \'Ibarra\', \'12344\', \'12344\', \'12344\', \'12344\', \'12344\', \'12344\', \'12344\', \'12344\', \'12344\', \'12344\', \'12344\', \'12344\', \'12344\', \'12344\', \'12344\', \'12344\', \'12344\', \'12344\', \'12344\', \'12344\', \'12344\', \'12344\', \'12344\', \'12344\', \'12344\', \'12344\', \'12344\', \'12344\', \'12344\')')
 3 SYSTEMPATH\Database\BaseBuilder.php(2345): CodeIgniter\Database\BaseConnection->query('INSERT INTO `tbl_datos_generales` (`id_users`, `datos_provincia`, `datos_canton`, `datos_parroquias`, `datos_comunidades`, `datos_barrios`, `datos_tipo_viviendas`, `datos_techos`, `datos_paredes`, `datos_pisos`, `datos_cuarto`, `datos_combustibles_cocina`, `datos_servicios_higienicos`, `datos_viviendas`, `datos_pago_vivienda`, `datos_agua`, `datos_pago_agua`, `datos_pago_luz`, `datos_cantidad_luz`, `datos_internet`, `datos_pago_internet`, `datos_tv_cable`, `datos_tv_pago`, `datos_eliminacion_basura`, `datos_lugares_mayor_frecuencia_viveres`, `datos_gastos_viveres_alimentacion`, `datos_medio_transporte`, `datos_estado_transporte`, `datos_terrenos`, `datos_celular`, `datos_cantidad_celulare`, `datos_plan_celular`) VALUES (:id_users:, :datos_provincia:, :datos_canton:, :datos_parroquias:, :datos_comunidades:, :datos_barrios:, :datos_tipo_viviendas:, :datos_techos:, :datos_paredes:, :datos_pisos:, :datos_cuarto:, :datos_combustibles_cocina:, :datos_servicios_higienicos:, :datos_viviendas:, :datos_pago_vivienda:, :datos_agua:, :datos_pago_agua:, :datos_pago_luz:, :datos_cantidad_luz:, :datos_internet:, :datos_pago_internet:, :datos_tv_cable:, :datos_tv_pago:, :datos_eliminacion_basura:, :datos_lugares_mayor_frecuencia_viveres:, :datos_gastos_viveres_alimentacion:, :datos_medio_transporte:, :datos_estado_transporte:, :datos_terrenos:, :datos_celular:, :datos_cantidad_celulare:, :datos_plan_celular:)', [...], false)
 4 APPPATH\Models\DatosGenerales.php(72): CodeIgniter\Database\BaseBuilder->insert([...])
 5 APPPATH\Controllers\datos_generales\DatosGeneralesLoginController.php(63): App\Models\DatosGenerales->insertUsuario([...])
 6 SYSTEMPATH\CodeIgniter.php(933): App\Controllers\datos_generales\DatosGeneralesLoginController->create()
 7 SYSTEMPATH\CodeIgniter.php(507): CodeIgniter\CodeIgniter->runController(Object(App\Controllers\datos_generales\DatosGeneralesLoginController))
 8 SYSTEMPATH\CodeIgniter.php(354): CodeIgniter\CodeIgniter->handleRequest(null, Object(Config\Cache), false)
 9 SYSTEMPATH\Boot.php(334): CodeIgniter\CodeIgniter->run()
10 SYSTEMPATH\Boot.php(67): CodeIgniter\Boot::runCodeIgniter(Object(CodeIgniter\CodeIgniter))
11 FCPATH\index.php(59): CodeIgniter\Boot::bootWeb(Object(Config\Paths))
CRITICAL - 2025-06-09 16:51:13 --> [Caused by] mysqli_sql_exception: Column 'id_users' cannot be null
in SYSTEMPATH\Database\MySQLi\Connection.php on line 327.
 1 SYSTEMPATH\Database\MySQLi\Connection.php(327): mysqli->query('INSERT INTO `tbl_datos_generales` (`id_users`, `datos_provincia`, `datos_canton`, `datos_parroquias`, `datos_comunidades`, `datos_barrios`, `datos_tipo_viviendas`, `datos_techos`, `datos_paredes`, `datos_pisos`, `datos_cuarto`, `datos_combustibles_cocina`, `datos_servicios_higienicos`, `datos_viviendas`, `datos_pago_vivienda`, `datos_agua`, `datos_pago_agua`, `datos_pago_luz`, `datos_cantidad_luz`, `datos_internet`, `datos_pago_internet`, `datos_tv_cable`, `datos_tv_pago`, `datos_eliminacion_basura`, `datos_lugares_mayor_frecuencia_viveres`, `datos_gastos_viveres_alimentacion`, `datos_medio_transporte`, `datos_estado_transporte`, `datos_terrenos`, `datos_celular`, `datos_cantidad_celulare`, `datos_plan_celular`) VALUES (NULL, \'Imabura\', \'Ibarra\', \'12344\', \'12344\', \'12344\', \'12344\', \'12344\', \'12344\', \'12344\', \'12344\', \'12344\', \'12344\', \'12344\', \'12344\', \'12344\', \'12344\', \'12344\', \'12344\', \'12344\', \'12344\', \'12344\', \'12344\', \'12344\', \'12344\', \'12344\', \'12344\', \'12344\', \'12344\', \'12344\', \'12344\', \'12344\')', 0)
 2 SYSTEMPATH\Database\BaseConnection.php(738): CodeIgniter\Database\MySQLi\Connection->execute('INSERT INTO `tbl_datos_generales` (`id_users`, `datos_provincia`, `datos_canton`, `datos_parroquias`, `datos_comunidades`, `datos_barrios`, `datos_tipo_viviendas`, `datos_techos`, `datos_paredes`, `datos_pisos`, `datos_cuarto`, `datos_combustibles_cocina`, `datos_servicios_higienicos`, `datos_viviendas`, `datos_pago_vivienda`, `datos_agua`, `datos_pago_agua`, `datos_pago_luz`, `datos_cantidad_luz`, `datos_internet`, `datos_pago_internet`, `datos_tv_cable`, `datos_tv_pago`, `datos_eliminacion_basura`, `datos_lugares_mayor_frecuencia_viveres`, `datos_gastos_viveres_alimentacion`, `datos_medio_transporte`, `datos_estado_transporte`, `datos_terrenos`, `datos_celular`, `datos_cantidad_celulare`, `datos_plan_celular`) VALUES (NULL, \'Imabura\', \'Ibarra\', \'12344\', \'12344\', \'12344\', \'12344\', \'12344\', \'12344\', \'12344\', \'12344\', \'12344\', \'12344\', \'12344\', \'12344\', \'12344\', \'12344\', \'12344\', \'12344\', \'12344\', \'12344\', \'12344\', \'12344\', \'12344\', \'12344\', \'12344\', \'12344\', \'12344\', \'12344\', \'12344\', \'12344\', \'12344\')')
 3 SYSTEMPATH\Database\BaseConnection.php(652): CodeIgniter\Database\BaseConnection->simpleQuery('INSERT INTO `tbl_datos_generales` (`id_users`, `datos_provincia`, `datos_canton`, `datos_parroquias`, `datos_comunidades`, `datos_barrios`, `datos_tipo_viviendas`, `datos_techos`, `datos_paredes`, `datos_pisos`, `datos_cuarto`, `datos_combustibles_cocina`, `datos_servicios_higienicos`, `datos_viviendas`, `datos_pago_vivienda`, `datos_agua`, `datos_pago_agua`, `datos_pago_luz`, `datos_cantidad_luz`, `datos_internet`, `datos_pago_internet`, `datos_tv_cable`, `datos_tv_pago`, `datos_eliminacion_basura`, `datos_lugares_mayor_frecuencia_viveres`, `datos_gastos_viveres_alimentacion`, `datos_medio_transporte`, `datos_estado_transporte`, `datos_terrenos`, `datos_celular`, `datos_cantidad_celulare`, `datos_plan_celular`) VALUES (NULL, \'Imabura\', \'Ibarra\', \'12344\', \'12344\', \'12344\', \'12344\', \'12344\', \'12344\', \'12344\', \'12344\', \'12344\', \'12344\', \'12344\', \'12344\', \'12344\', \'12344\', \'12344\', \'12344\', \'12344\', \'12344\', \'12344\', \'12344\', \'12344\', \'12344\', \'12344\', \'12344\', \'12344\', \'12344\', \'12344\', \'12344\', \'12344\')')
 4 SYSTEMPATH\Database\BaseBuilder.php(2345): CodeIgniter\Database\BaseConnection->query('INSERT INTO `tbl_datos_generales` (`id_users`, `datos_provincia`, `datos_canton`, `datos_parroquias`, `datos_comunidades`, `datos_barrios`, `datos_tipo_viviendas`, `datos_techos`, `datos_paredes`, `datos_pisos`, `datos_cuarto`, `datos_combustibles_cocina`, `datos_servicios_higienicos`, `datos_viviendas`, `datos_pago_vivienda`, `datos_agua`, `datos_pago_agua`, `datos_pago_luz`, `datos_cantidad_luz`, `datos_internet`, `datos_pago_internet`, `datos_tv_cable`, `datos_tv_pago`, `datos_eliminacion_basura`, `datos_lugares_mayor_frecuencia_viveres`, `datos_gastos_viveres_alimentacion`, `datos_medio_transporte`, `datos_estado_transporte`, `datos_terrenos`, `datos_celular`, `datos_cantidad_celulare`, `datos_plan_celular`) VALUES (:id_users:, :datos_provincia:, :datos_canton:, :datos_parroquias:, :datos_comunidades:, :datos_barrios:, :datos_tipo_viviendas:, :datos_techos:, :datos_paredes:, :datos_pisos:, :datos_cuarto:, :datos_combustibles_cocina:, :datos_servicios_higienicos:, :datos_viviendas:, :datos_pago_vivienda:, :datos_agua:, :datos_pago_agua:, :datos_pago_luz:, :datos_cantidad_luz:, :datos_internet:, :datos_pago_internet:, :datos_tv_cable:, :datos_tv_pago:, :datos_eliminacion_basura:, :datos_lugares_mayor_frecuencia_viveres:, :datos_gastos_viveres_alimentacion:, :datos_medio_transporte:, :datos_estado_transporte:, :datos_terrenos:, :datos_celular:, :datos_cantidad_celulare:, :datos_plan_celular:)', [...], false)
 5 APPPATH\Models\DatosGenerales.php(72): CodeIgniter\Database\BaseBuilder->insert([...])
 6 APPPATH\Controllers\datos_generales\DatosGeneralesLoginController.php(63): App\Models\DatosGenerales->insertUsuario([...])
 7 SYSTEMPATH\CodeIgniter.php(933): App\Controllers\datos_generales\DatosGeneralesLoginController->create()
 8 SYSTEMPATH\CodeIgniter.php(507): CodeIgniter\CodeIgniter->runController(Object(App\Controllers\datos_generales\DatosGeneralesLoginController))
 9 SYSTEMPATH\CodeIgniter.php(354): CodeIgniter\CodeIgniter->handleRequest(null, Object(Config\Cache), false)
10 SYSTEMPATH\Boot.php(334): CodeIgniter\CodeIgniter->run()
11 SYSTEMPATH\Boot.php(67): CodeIgniter\Boot::runCodeIgniter(Object(CodeIgniter\CodeIgniter))
12 FCPATH\index.php(59): CodeIgniter\Boot::bootWeb(Object(Config\Paths))
DEBUG - 2025-06-09 16:52:35 --> Session: Class initialized using 'CodeIgniter\Session\Handlers\FileHandler' driver.
DEBUG - 2025-06-09 16:52:36 --> Session: Class initialized using 'CodeIgniter\Session\Handlers\FileHandler' driver.
DEBUG - 2025-06-09 16:52:41 --> Session: Class initialized using 'CodeIgniter\Session\Handlers\FileHandler' driver.
ERROR - 2025-06-09 16:52:41 --> mysqli_sql_exception: Cannot add or update a child row: a foreign key constraint fails (`badi`.`tbl_datos_generales`, CONSTRAINT `tbl_datos_generales_ibfk_1` FOREIGN KEY (`id_users`) REFERENCES `tbl_users` (`id_users`)) in C:\xampp\htdocs\bancoAlimentos\system\Database\MySQLi\Connection.php:327
Stack trace:
#0 C:\xampp\htdocs\bancoAlimentos\system\Database\MySQLi\Connection.php(327): mysqli->query('INSERT INTO `tb...', 0)
#1 C:\xampp\htdocs\bancoAlimentos\system\Database\BaseConnection.php(738): CodeIgniter\Database\MySQLi\Connection->execute('INSERT INTO `tb...')
#2 C:\xampp\htdocs\bancoAlimentos\system\Database\BaseConnection.php(652): CodeIgniter\Database\BaseConnection->simpleQuery('INSERT INTO `tb...')
#3 C:\xampp\htdocs\bancoAlimentos\system\Database\BaseBuilder.php(2345): CodeIgniter\Database\BaseConnection->query('INSERT INTO `tb...', Array, false)
#4 C:\xampp\htdocs\bancoAlimentos\app\Models\DatosGenerales.php(72): CodeIgniter\Database\BaseBuilder->insert(Array)
#5 C:\xampp\htdocs\bancoAlimentos\app\Controllers\datos_generales\DatosGeneralesLoginController.php(63): App\Models\DatosGenerales->insertUsuario(Array)
#6 C:\xampp\htdocs\bancoAlimentos\system\CodeIgniter.php(933): App\Controllers\datos_generales\DatosGeneralesLoginController->create()
#7 C:\xampp\htdocs\bancoAlimentos\system\CodeIgniter.php(507): CodeIgniter\CodeIgniter->runController(Object(App\Controllers\datos_generales\DatosGeneralesLoginController))
#8 C:\xampp\htdocs\bancoAlimentos\system\CodeIgniter.php(354): CodeIgniter\CodeIgniter->handleRequest(NULL, Object(Config\Cache), false)
#9 C:\xampp\htdocs\bancoAlimentos\system\Boot.php(334): CodeIgniter\CodeIgniter->run()
#10 C:\xampp\htdocs\bancoAlimentos\system\Boot.php(67): CodeIgniter\Boot::runCodeIgniter(Object(CodeIgniter\CodeIgniter))
#11 C:\xampp\htdocs\bancoAlimentos\index.php(59): CodeIgniter\Boot::bootWeb(Object(Config\Paths))
#12 {main}
CRITICAL - 2025-06-09 16:52:41 --> CodeIgniter\Database\Exceptions\DatabaseException: Cannot add or update a child row: a foreign key constraint fails (`badi`.`tbl_datos_generales`, CONSTRAINT `tbl_datos_generales_ibfk_1` FOREIGN KEY (`id_users`) REFERENCES `tbl_users` (`id_users`))
[Method: POST, Route: insertDatosGenerales]
in SYSTEMPATH\Database\BaseConnection.php on line 692.
 1 SYSTEMPATH\Database\BaseBuilder.php(2345): CodeIgniter\Database\BaseConnection->query('INSERT INTO `tbl_datos_generales` (`id_users`, `datos_provincia`, `datos_canton`, `datos_parroquias`, `datos_comunidades`, `datos_barrios`, `datos_tipo_viviendas`, `datos_techos`, `datos_paredes`, `datos_pisos`, `datos_cuarto`, `datos_combustibles_cocina`, `datos_servicios_higienicos`, `datos_viviendas`, `datos_pago_vivienda`, `datos_agua`, `datos_pago_agua`, `datos_pago_luz`, `datos_cantidad_luz`, `datos_internet`, `datos_pago_internet`, `datos_tv_cable`, `datos_tv_pago`, `datos_eliminacion_basura`, `datos_lugares_mayor_frecuencia_viveres`, `datos_gastos_viveres_alimentacion`, `datos_medio_transporte`, `datos_estado_transporte`, `datos_terrenos`, `datos_celular`, `datos_cantidad_celulare`, `datos_plan_celular`) VALUES (:id_users:, :datos_provincia:, :datos_canton:, :datos_parroquias:, :datos_comunidades:, :datos_barrios:, :datos_tipo_viviendas:, :datos_techos:, :datos_paredes:, :datos_pisos:, :datos_cuarto:, :datos_combustibles_cocina:, :datos_servicios_higienicos:, :datos_viviendas:, :datos_pago_vivienda:, :datos_agua:, :datos_pago_agua:, :datos_pago_luz:, :datos_cantidad_luz:, :datos_internet:, :datos_pago_internet:, :datos_tv_cable:, :datos_tv_pago:, :datos_eliminacion_basura:, :datos_lugares_mayor_frecuencia_viveres:, :datos_gastos_viveres_alimentacion:, :datos_medio_transporte:, :datos_estado_transporte:, :datos_terrenos:, :datos_celular:, :datos_cantidad_celulare:, :datos_plan_celular:)', [...], false)
 2 APPPATH\Models\DatosGenerales.php(72): CodeIgniter\Database\BaseBuilder->insert([...])
 3 APPPATH\Controllers\datos_generales\DatosGeneralesLoginController.php(63): App\Models\DatosGenerales->insertUsuario([...])
 4 SYSTEMPATH\CodeIgniter.php(933): App\Controllers\datos_generales\DatosGeneralesLoginController->create()
 5 SYSTEMPATH\CodeIgniter.php(507): CodeIgniter\CodeIgniter->runController(Object(App\Controllers\datos_generales\DatosGeneralesLoginController))
 6 SYSTEMPATH\CodeIgniter.php(354): CodeIgniter\CodeIgniter->handleRequest(null, Object(Config\Cache), false)
 7 SYSTEMPATH\Boot.php(334): CodeIgniter\CodeIgniter->run()
 8 SYSTEMPATH\Boot.php(67): CodeIgniter\Boot::runCodeIgniter(Object(CodeIgniter\CodeIgniter))
 9 FCPATH\index.php(59): CodeIgniter\Boot::bootWeb(Object(Config\Paths))
CRITICAL - 2025-06-09 16:52:41 --> [Caused by] CodeIgniter\Database\Exceptions\DatabaseException: Cannot add or update a child row: a foreign key constraint fails (`badi`.`tbl_datos_generales`, CONSTRAINT `tbl_datos_generales_ibfk_1` FOREIGN KEY (`id_users`) REFERENCES `tbl_users` (`id_users`))
in SYSTEMPATH\Database\MySQLi\Connection.php on line 332.
 1 SYSTEMPATH\Database\BaseConnection.php(738): CodeIgniter\Database\MySQLi\Connection->execute('INSERT INTO `tbl_datos_generales` (`id_users`, `datos_provincia`, `datos_canton`, `datos_parroquias`, `datos_comunidades`, `datos_barrios`, `datos_tipo_viviendas`, `datos_techos`, `datos_paredes`, `datos_pisos`, `datos_cuarto`, `datos_combustibles_cocina`, `datos_servicios_higienicos`, `datos_viviendas`, `datos_pago_vivienda`, `datos_agua`, `datos_pago_agua`, `datos_pago_luz`, `datos_cantidad_luz`, `datos_internet`, `datos_pago_internet`, `datos_tv_cable`, `datos_tv_pago`, `datos_eliminacion_basura`, `datos_lugares_mayor_frecuencia_viveres`, `datos_gastos_viveres_alimentacion`, `datos_medio_transporte`, `datos_estado_transporte`, `datos_terrenos`, `datos_celular`, `datos_cantidad_celulare`, `datos_plan_celular`) VALUES (1, \'Imabura\', \'Ibarra\', \'12344\', \'12344\', \'12344\', \'12344\', \'12344\', \'12344\', \'12344\', \'12344\', \'12344\', \'12344\', \'12344\', \'12344\', \'12344\', \'12344\', \'12344\', \'12344\', \'12344\', \'12344\', \'12344\', \'12344\', \'12344\', \'12344\', \'12344\', \'12344\', \'12344\', \'12344\', \'12344\', \'12344\', \'12344\')')
 2 SYSTEMPATH\Database\BaseConnection.php(652): CodeIgniter\Database\BaseConnection->simpleQuery('INSERT INTO `tbl_datos_generales` (`id_users`, `datos_provincia`, `datos_canton`, `datos_parroquias`, `datos_comunidades`, `datos_barrios`, `datos_tipo_viviendas`, `datos_techos`, `datos_paredes`, `datos_pisos`, `datos_cuarto`, `datos_combustibles_cocina`, `datos_servicios_higienicos`, `datos_viviendas`, `datos_pago_vivienda`, `datos_agua`, `datos_pago_agua`, `datos_pago_luz`, `datos_cantidad_luz`, `datos_internet`, `datos_pago_internet`, `datos_tv_cable`, `datos_tv_pago`, `datos_eliminacion_basura`, `datos_lugares_mayor_frecuencia_viveres`, `datos_gastos_viveres_alimentacion`, `datos_medio_transporte`, `datos_estado_transporte`, `datos_terrenos`, `datos_celular`, `datos_cantidad_celulare`, `datos_plan_celular`) VALUES (1, \'Imabura\', \'Ibarra\', \'12344\', \'12344\', \'12344\', \'12344\', \'12344\', \'12344\', \'12344\', \'12344\', \'12344\', \'12344\', \'12344\', \'12344\', \'12344\', \'12344\', \'12344\', \'12344\', \'12344\', \'12344\', \'12344\', \'12344\', \'12344\', \'12344\', \'12344\', \'12344\', \'12344\', \'12344\', \'12344\', \'12344\', \'12344\')')
 3 SYSTEMPATH\Database\BaseBuilder.php(2345): CodeIgniter\Database\BaseConnection->query('INSERT INTO `tbl_datos_generales` (`id_users`, `datos_provincia`, `datos_canton`, `datos_parroquias`, `datos_comunidades`, `datos_barrios`, `datos_tipo_viviendas`, `datos_techos`, `datos_paredes`, `datos_pisos`, `datos_cuarto`, `datos_combustibles_cocina`, `datos_servicios_higienicos`, `datos_viviendas`, `datos_pago_vivienda`, `datos_agua`, `datos_pago_agua`, `datos_pago_luz`, `datos_cantidad_luz`, `datos_internet`, `datos_pago_internet`, `datos_tv_cable`, `datos_tv_pago`, `datos_eliminacion_basura`, `datos_lugares_mayor_frecuencia_viveres`, `datos_gastos_viveres_alimentacion`, `datos_medio_transporte`, `datos_estado_transporte`, `datos_terrenos`, `datos_celular`, `datos_cantidad_celulare`, `datos_plan_celular`) VALUES (:id_users:, :datos_provincia:, :datos_canton:, :datos_parroquias:, :datos_comunidades:, :datos_barrios:, :datos_tipo_viviendas:, :datos_techos:, :datos_paredes:, :datos_pisos:, :datos_cuarto:, :datos_combustibles_cocina:, :datos_servicios_higienicos:, :datos_viviendas:, :datos_pago_vivienda:, :datos_agua:, :datos_pago_agua:, :datos_pago_luz:, :datos_cantidad_luz:, :datos_internet:, :datos_pago_internet:, :datos_tv_cable:, :datos_tv_pago:, :datos_eliminacion_basura:, :datos_lugares_mayor_frecuencia_viveres:, :datos_gastos_viveres_alimentacion:, :datos_medio_transporte:, :datos_estado_transporte:, :datos_terrenos:, :datos_celular:, :datos_cantidad_celulare:, :datos_plan_celular:)', [...], false)
 4 APPPATH\Models\DatosGenerales.php(72): CodeIgniter\Database\BaseBuilder->insert([...])
 5 APPPATH\Controllers\datos_generales\DatosGeneralesLoginController.php(63): App\Models\DatosGenerales->insertUsuario([...])
 6 SYSTEMPATH\CodeIgniter.php(933): App\Controllers\datos_generales\DatosGeneralesLoginController->create()
 7 SYSTEMPATH\CodeIgniter.php(507): CodeIgniter\CodeIgniter->runController(Object(App\Controllers\datos_generales\DatosGeneralesLoginController))
 8 SYSTEMPATH\CodeIgniter.php(354): CodeIgniter\CodeIgniter->handleRequest(null, Object(Config\Cache), false)
 9 SYSTEMPATH\Boot.php(334): CodeIgniter\CodeIgniter->run()
10 SYSTEMPATH\Boot.php(67): CodeIgniter\Boot::runCodeIgniter(Object(CodeIgniter\CodeIgniter))
11 FCPATH\index.php(59): CodeIgniter\Boot::bootWeb(Object(Config\Paths))
CRITICAL - 2025-06-09 16:52:41 --> [Caused by] mysqli_sql_exception: Cannot add or update a child row: a foreign key constraint fails (`badi`.`tbl_datos_generales`, CONSTRAINT `tbl_datos_generales_ibfk_1` FOREIGN KEY (`id_users`) REFERENCES `tbl_users` (`id_users`))
in SYSTEMPATH\Database\MySQLi\Connection.php on line 327.
 1 SYSTEMPATH\Database\MySQLi\Connection.php(327): mysqli->query('INSERT INTO `tbl_datos_generales` (`id_users`, `datos_provincia`, `datos_canton`, `datos_parroquias`, `datos_comunidades`, `datos_barrios`, `datos_tipo_viviendas`, `datos_techos`, `datos_paredes`, `datos_pisos`, `datos_cuarto`, `datos_combustibles_cocina`, `datos_servicios_higienicos`, `datos_viviendas`, `datos_pago_vivienda`, `datos_agua`, `datos_pago_agua`, `datos_pago_luz`, `datos_cantidad_luz`, `datos_internet`, `datos_pago_internet`, `datos_tv_cable`, `datos_tv_pago`, `datos_eliminacion_basura`, `datos_lugares_mayor_frecuencia_viveres`, `datos_gastos_viveres_alimentacion`, `datos_medio_transporte`, `datos_estado_transporte`, `datos_terrenos`, `datos_celular`, `datos_cantidad_celulare`, `datos_plan_celular`) VALUES (1, \'Imabura\', \'Ibarra\', \'12344\', \'12344\', \'12344\', \'12344\', \'12344\', \'12344\', \'12344\', \'12344\', \'12344\', \'12344\', \'12344\', \'12344\', \'12344\', \'12344\', \'12344\', \'12344\', \'12344\', \'12344\', \'12344\', \'12344\', \'12344\', \'12344\', \'12344\', \'12344\', \'12344\', \'12344\', \'12344\', \'12344\', \'12344\')', 0)
 2 SYSTEMPATH\Database\BaseConnection.php(738): CodeIgniter\Database\MySQLi\Connection->execute('INSERT INTO `tbl_datos_generales` (`id_users`, `datos_provincia`, `datos_canton`, `datos_parroquias`, `datos_comunidades`, `datos_barrios`, `datos_tipo_viviendas`, `datos_techos`, `datos_paredes`, `datos_pisos`, `datos_cuarto`, `datos_combustibles_cocina`, `datos_servicios_higienicos`, `datos_viviendas`, `datos_pago_vivienda`, `datos_agua`, `datos_pago_agua`, `datos_pago_luz`, `datos_cantidad_luz`, `datos_internet`, `datos_pago_internet`, `datos_tv_cable`, `datos_tv_pago`, `datos_eliminacion_basura`, `datos_lugares_mayor_frecuencia_viveres`, `datos_gastos_viveres_alimentacion`, `datos_medio_transporte`, `datos_estado_transporte`, `datos_terrenos`, `datos_celular`, `datos_cantidad_celulare`, `datos_plan_celular`) VALUES (1, \'Imabura\', \'Ibarra\', \'12344\', \'12344\', \'12344\', \'12344\', \'12344\', \'12344\', \'12344\', \'12344\', \'12344\', \'12344\', \'12344\', \'12344\', \'12344\', \'12344\', \'12344\', \'12344\', \'12344\', \'12344\', \'12344\', \'12344\', \'12344\', \'12344\', \'12344\', \'12344\', \'12344\', \'12344\', \'12344\', \'12344\', \'12344\')')
 3 SYSTEMPATH\Database\BaseConnection.php(652): CodeIgniter\Database\BaseConnection->simpleQuery('INSERT INTO `tbl_datos_generales` (`id_users`, `datos_provincia`, `datos_canton`, `datos_parroquias`, `datos_comunidades`, `datos_barrios`, `datos_tipo_viviendas`, `datos_techos`, `datos_paredes`, `datos_pisos`, `datos_cuarto`, `datos_combustibles_cocina`, `datos_servicios_higienicos`, `datos_viviendas`, `datos_pago_vivienda`, `datos_agua`, `datos_pago_agua`, `datos_pago_luz`, `datos_cantidad_luz`, `datos_internet`, `datos_pago_internet`, `datos_tv_cable`, `datos_tv_pago`, `datos_eliminacion_basura`, `datos_lugares_mayor_frecuencia_viveres`, `datos_gastos_viveres_alimentacion`, `datos_medio_transporte`, `datos_estado_transporte`, `datos_terrenos`, `datos_celular`, `datos_cantidad_celulare`, `datos_plan_celular`) VALUES (1, \'Imabura\', \'Ibarra\', \'12344\', \'12344\', \'12344\', \'12344\', \'12344\', \'12344\', \'12344\', \'12344\', \'12344\', \'12344\', \'12344\', \'12344\', \'12344\', \'12344\', \'12344\', \'12344\', \'12344\', \'12344\', \'12344\', \'12344\', \'12344\', \'12344\', \'12344\', \'12344\', \'12344\', \'12344\', \'12344\', \'12344\', \'12344\')')
 4 SYSTEMPATH\Database\BaseBuilder.php(2345): CodeIgniter\Database\BaseConnection->query('INSERT INTO `tbl_datos_generales` (`id_users`, `datos_provincia`, `datos_canton`, `datos_parroquias`, `datos_comunidades`, `datos_barrios`, `datos_tipo_viviendas`, `datos_techos`, `datos_paredes`, `datos_pisos`, `datos_cuarto`, `datos_combustibles_cocina`, `datos_servicios_higienicos`, `datos_viviendas`, `datos_pago_vivienda`, `datos_agua`, `datos_pago_agua`, `datos_pago_luz`, `datos_cantidad_luz`, `datos_internet`, `datos_pago_internet`, `datos_tv_cable`, `datos_tv_pago`, `datos_eliminacion_basura`, `datos_lugares_mayor_frecuencia_viveres`, `datos_gastos_viveres_alimentacion`, `datos_medio_transporte`, `datos_estado_transporte`, `datos_terrenos`, `datos_celular`, `datos_cantidad_celulare`, `datos_plan_celular`) VALUES (:id_users:, :datos_provincia:, :datos_canton:, :datos_parroquias:, :datos_comunidades:, :datos_barrios:, :datos_tipo_viviendas:, :datos_techos:, :datos_paredes:, :datos_pisos:, :datos_cuarto:, :datos_combustibles_cocina:, :datos_servicios_higienicos:, :datos_viviendas:, :datos_pago_vivienda:, :datos_agua:, :datos_pago_agua:, :datos_pago_luz:, :datos_cantidad_luz:, :datos_internet:, :datos_pago_internet:, :datos_tv_cable:, :datos_tv_pago:, :datos_eliminacion_basura:, :datos_lugares_mayor_frecuencia_viveres:, :datos_gastos_viveres_alimentacion:, :datos_medio_transporte:, :datos_estado_transporte:, :datos_terrenos:, :datos_celular:, :datos_cantidad_celulare:, :datos_plan_celular:)', [...], false)
 5 APPPATH\Models\DatosGenerales.php(72): CodeIgniter\Database\BaseBuilder->insert([...])
 6 APPPATH\Controllers\datos_generales\DatosGeneralesLoginController.php(63): App\Models\DatosGenerales->insertUsuario([...])
 7 SYSTEMPATH\CodeIgniter.php(933): App\Controllers\datos_generales\DatosGeneralesLoginController->create()
 8 SYSTEMPATH\CodeIgniter.php(507): CodeIgniter\CodeIgniter->runController(Object(App\Controllers\datos_generales\DatosGeneralesLoginController))
 9 SYSTEMPATH\CodeIgniter.php(354): CodeIgniter\CodeIgniter->handleRequest(null, Object(Config\Cache), false)
10 SYSTEMPATH\Boot.php(334): CodeIgniter\CodeIgniter->run()
11 SYSTEMPATH\Boot.php(67): CodeIgniter\Boot::runCodeIgniter(Object(CodeIgniter\CodeIgniter))
12 FCPATH\index.php(59): CodeIgniter\Boot::bootWeb(Object(Config\Paths))
DEBUG - 2025-06-09 16:53:13 --> Session: Class initialized using 'CodeIgniter\Session\Handlers\FileHandler' driver.
