ERROR - 2025-12-26 00:06:20 --> 🔥 LOG DE PRUEBA: SyncEncuesta ejecutado
ERROR - 2025-12-26 00:06:20 --> JSON RECIBIDO: Array
(
    [uuid] => 7ba85a31-6008-4378-b5a3-dbac6f2d2b04
    [datos_cedula_voluntario] => 100200360
    [provincia] => 2
    [canton] => Cantón de Carchi
    [parroquia] => 143
    [tipo_parroquia] => rural
    [datos_comunidades] => 100200360
    [datos_barrios] => 100200360
    [datos_tipo_viviendas] => 169
    [datos_techos] => 172
    [datos_paredes] => 177
    [datos_pisos] => 186
    [datos_cuarto] => 100200360
    [datos_combustibles_cocina] => 189
    [datos_servicios_higienicos] => 191
    [datos_viviendas] => 200
    [datos_pago_vivienda] => 100200360
    [datos_agua] => 205
    [datos_pago_agua] => 100200360
    [datos_pago_luz] => 100200360
    [datos_cantidad_luz] => 100200360
    [datos_internet] => No
    [datos_pago_internet] => 0
    [datos_tv_cable] => No
    [datos_tv_pago] => 0
    [datos_eliminacion_basura] => 218
    [datos_lugares_viveres] => 222
    [datos_gastos_viveres] => 100200360
    [datos_medio_transporte] => Ninguno
    [datos_estado_transporte] => Malo
    [datos_terrenos] => No
    [datos_celular] => No
    [datos_cantidad_celulare] => 0
    [datos_plan_celular] => No
    [datos_observacion] => 100200360
    [datos_consentimiento] => 1
    [familiares] => Array
        (
            [0] => Array
                (
                    [nombres] => cine
                    [apellidos] => 100200360
                    [documento] => 100200360
                    [telefono] => 100200360
                    [etnia] => 237
                    [genero] => 244
                    [nivel_educacion] => 248
                    [estado_civil] => 254
                    [fecha_nacimiento] => 2025-12-25
                    [edad] => 100200360
                    [discapacidad] => No
                    [enfermedad] => 
                    [trabaja] => No
                    [ocupacion] => 
                    [ingreso] => 100200360
                    [parentesco] => 100200360
                )

        )

)

ERROR - 2025-12-26 00:06:20 --> CONTENT TYPE: application/json
ERROR - 2025-12-26 00:06:20 --> FECHA RECIBIDA MYSQL => '2025-12-25'
ERROR - 2025-12-26 00:12:57 --> 🔥 LOG DE PRUEBA: SyncEncuesta ejecutado
ERROR - 2025-12-26 00:12:57 --> JSON RECIBIDO: Array
(
    [uuid] => e597dcca-2c62-4e12-9455-13dcecc15d9c
    [datos_cedula_voluntario] => 100200360
    [provincia] => 3
    [canton] => Cantón de Imbabura
    [parroquia] => 99
    [tipo_parroquia] => urbano
    [datos_comunidades] => 100200360
    [datos_barrios] => 100200360
    [datos_tipo_viviendas] => 170
    [datos_techos] => 174
    [datos_paredes] => 179
    [datos_pisos] => 185
    [datos_cuarto] => 100200360
    [datos_combustibles_cocina] => 187
    [datos_servicios_higienicos] => 191
    [datos_viviendas] => 200
    [datos_pago_vivienda] => 100200360
    [datos_agua] => 205
    [datos_pago_agua] => 100200360
    [datos_pago_luz] => 100200360
    [datos_cantidad_luz] => 100200360
    [datos_internet] => 1
    [datos_pago_internet] => 100200360
    [datos_tv_cable] => 0
    [datos_tv_pago] => 0
    [datos_eliminacion_basura] => 220
    [datos_lugares_viveres] => 226
    [datos_gastos_viveres] => 100200360
    [datos_medio_transporte] => Moto
    [datos_estado_transporte] => Regular
    [datos_terrenos] => 0
    [datos_celular] => 1
    [datos_cantidad_celulare] => 100200360
    [datos_plan_celular] => 0
    [datos_observacion] => 100200360
    [datos_consentimiento] => 1
    [familiares] => Array
        (
            [0] => Array
                (
                    [nombres] => bbbbbbfffff
                    [apellidos] => fffffff
                    [documento] => 100200360
                    [telefono] => 100200360
                    [etnia] => 240
                    [genero] => 243
                    [nivel_educacion] => 249
                    [estado_civil] => 251
                    [fecha_nacimiento] => 2025-12-25
                    [edad] => 100200360
                    [discapacidad] => No
                    [enfermedad] => 
                    [trabaja] => No
                    [ocupacion] => 
                    [ingreso] => 100200360
                    [parentesco] => 100200360
                )

        )

)

ERROR - 2025-12-26 00:12:57 --> CONTENT TYPE: application/json
ERROR - 2025-12-26 00:12:57 --> FECHA RECIBIDA MYSQL => '2025-12-25'
ERROR - 2025-12-26 00:14:02 --> 🔥 LOG DE PRUEBA: SyncEncuesta ejecutado
ERROR - 2025-12-26 00:14:02 --> JSON RECIBIDO: Array
(
    [uuid] => afdab2dd-2a63-463e-b3ee-d4818e0ae55b
    [datos_cedula_voluntario] => 100200360
    [provincia] => 3
    [canton] => Cantón de Imbabura
    [parroquia] => 99
    [tipo_parroquia] => urbano
    [datos_comunidades] => 100200360
    [datos_barrios] => 100200360
    [datos_tipo_viviendas] => 170
    [datos_techos] => 174
    [datos_paredes] => 179
    [datos_pisos] => 185
    [datos_cuarto] => 100200360
    [datos_combustibles_cocina] => 187
    [datos_servicios_higienicos] => 191
    [datos_viviendas] => 200
    [datos_pago_vivienda] => 100200360
    [datos_agua] => 205
    [datos_pago_agua] => 100200360
    [datos_pago_luz] => 100200360
    [datos_cantidad_luz] => 100200360
    [datos_internet] => 1
    [datos_pago_internet] => 100200360
    [datos_tv_cable] => 0
    [datos_tv_pago] => 0
    [datos_eliminacion_basura] => 220
    [datos_lugares_viveres] => 226
    [datos_gastos_viveres] => 100200360
    [datos_medio_transporte] => Moto
    [datos_estado_transporte] => Regular
    [datos_terrenos] => 1
    [datos_celular] => 0
    [datos_cantidad_celulare] => 0
    [datos_plan_celular] => 1
    [datos_observacion] => 100200360
    [datos_consentimiento] => 1
    [familiares] => Array
        (
            [0] => Array
                (
                    [nombres] => bbbbbbfffff
                    [apellidos] => fffffff
                    [documento] => 100200360
                    [telefono] => 100200360
                    [etnia] => 240
                    [genero] => 243
                    [nivel_educacion] => 249
                    [estado_civil] => 251
                    [fecha_nacimiento] => 2025-12-25
                    [edad] => 100200360
                    [discapacidad] => No
                    [enfermedad] => 
                    [trabaja] => No
                    [ocupacion] => 
                    [ingreso] => 100200360
                    [parentesco] => 100200360
                )

        )

)

ERROR - 2025-12-26 00:14:02 --> CONTENT TYPE: application/json
ERROR - 2025-12-26 00:14:02 --> FECHA RECIBIDA MYSQL => '2025-12-25'
ERROR - 2025-12-26 00:14:51 --> 🔥 LOG DE PRUEBA: SyncEncuesta ejecutado
ERROR - 2025-12-26 00:14:51 --> JSON RECIBIDO: Array
(
    [uuid] => 460feba9-a116-4949-86c5-e8d54757a4cf
    [datos_cedula_voluntario] => 100200360
    [provincia] => 3
    [canton] => Cantón de Imbabura
    [parroquia] => 99
    [tipo_parroquia] => urbano
    [datos_comunidades] => 100200360
    [datos_barrios] => 100200360
    [datos_tipo_viviendas] => 170
    [datos_techos] => 174
    [datos_paredes] => 179
    [datos_pisos] => 185
    [datos_cuarto] => 100200360
    [datos_combustibles_cocina] => 187
    [datos_servicios_higienicos] => 191
    [datos_viviendas] => 200
    [datos_pago_vivienda] => 100200360
    [datos_agua] => 205
    [datos_pago_agua] => 100200360
    [datos_pago_luz] => 100200360
    [datos_cantidad_luz] => 100200360
    [datos_internet] => 1
    [datos_pago_internet] => 19
    [datos_tv_cable] => 1
    [datos_tv_pago] => 30
    [datos_eliminacion_basura] => 220
    [datos_lugares_viveres] => 226
    [datos_gastos_viveres] => 100200360
    [datos_medio_transporte] => Moto
    [datos_estado_transporte] => Regular
    [datos_terrenos] => 1
    [datos_celular] => 0
    [datos_cantidad_celulare] => 0
    [datos_plan_celular] => 1
    [datos_observacion] => 100200360
    [datos_consentimiento] => 1
    [familiares] => Array
        (
            [0] => Array
                (
                    [nombres] => bbbbbbfffff
                    [apellidos] => fffffff
                    [documento] => 100200360
                    [telefono] => 100200360
                    [etnia] => 240
                    [genero] => 243
                    [nivel_educacion] => 249
                    [estado_civil] => 251
                    [fecha_nacimiento] => 2025-12-25
                    [edad] => 100200360
                    [discapacidad] => No
                    [enfermedad] => 
                    [trabaja] => No
                    [ocupacion] => 
                    [ingreso] => 100200360
                    [parentesco] => 100200360
                )

        )

)

ERROR - 2025-12-26 00:14:51 --> CONTENT TYPE: application/json
ERROR - 2025-12-26 00:14:51 --> FECHA RECIBIDA MYSQL => '2025-12-25'
ERROR - 2025-12-26 00:17:35 --> 🔥 LOG DE PRUEBA: SyncEncuesta ejecutado
ERROR - 2025-12-26 00:17:35 --> JSON RECIBIDO: Array
(
    [uuid] => ab561b0c-56e2-4b46-a262-d0870366f6b0
    [datos_cedula_voluntario] => 100200360
    [provincia] => 3
    [canton] => Cantón de Imbabura
    [parroquia] => 99
    [tipo_parroquia] => urbano
    [datos_comunidades] => 100200360
    [datos_barrios] => 100200360
    [datos_tipo_viviendas] => 170
    [datos_techos] => 174
    [datos_paredes] => 179
    [datos_pisos] => 185
    [datos_cuarto] => 100200360
    [datos_combustibles_cocina] => 187
    [datos_servicios_higienicos] => 191
    [datos_viviendas] => 200
    [datos_pago_vivienda] => 14
    [datos_agua] => 205
    [datos_pago_agua] => 100200360
    [datos_pago_luz] => 25
    [datos_cantidad_luz] => 100200360
    [datos_internet] => 0
    [datos_pago_internet] => 0
    [datos_tv_cable] => 0
    [datos_tv_pago] => 0
    [datos_eliminacion_basura] => 220
    [datos_lugares_viveres] => 226
    [datos_gastos_viveres] => 100
    [datos_medio_transporte] => Moto
    [datos_estado_transporte] => Regular
    [datos_terrenos] => 0
    [datos_celular] => 1
    [datos_cantidad_celulare] => 2
    [datos_plan_celular] => 0
    [datos_observacion] => 100200360
    [datos_consentimiento] => 1
    [familiares] => Array
        (
            [0] => Array
                (
                    [nombres] => bbbbbbfffff
                    [apellidos] => fffffff
                    [documento] => 100200360
                    [telefono] => 100200360
                    [etnia] => 240
                    [genero] => 243
                    [nivel_educacion] => 249
                    [estado_civil] => 251
                    [fecha_nacimiento] => 2025-12-25
                    [edad] => 100200360
                    [discapacidad] => No
                    [enfermedad] => 
                    [trabaja] => No
                    [ocupacion] => 
                    [ingreso] => 100200360
                    [parentesco] => 100200360
                )

        )

)

ERROR - 2025-12-26 00:17:35 --> CONTENT TYPE: application/json
ERROR - 2025-12-26 00:17:35 --> FECHA RECIBIDA MYSQL => '2025-12-25'
ERROR - 2025-12-26 00:46:28 --> 🔥 LOG DE PRUEBA: SyncEncuesta ejecutado
ERROR - 2025-12-26 00:46:28 --> JSON RECIBIDO: Array
(
    [uuid] => 6edc24b4-4e80-4fc2-ab1c-9b836f1fdea9
    [datos_cedula_voluntario] => 100200360
    [provincia] => 2
    [canton] => Cantón de Carchi
    [parroquia] => 142
    [tipo_parroquia] => rural
    [datos_comunidades] => nathab
    [datos_barrios] => sfgr
    [datos_tipo_viviendas] => 168
    [datos_techos] => 172
    [datos_paredes] => 176
    [datos_pisos] => 181
    [datos_cuarto] => 4
    [datos_combustibles_cocina] => 189
    [datos_servicios_higienicos] => 195
    [datos_viviendas] => 200
    [datos_pago_vivienda] => 120
    [datos_agua] => 
    [datos_pago_agua] => 23
    [datos_pago_luz] => 12
    [datos_cantidad_luz] => 12
    [datos_internet] => 0
    [datos_pago_internet] => 0
    [datos_tv_cable] => 1
    [datos_tv_pago] => 28
    [datos_eliminacion_basura] => 217
    [datos_lugares_viveres] => 226
    [datos_gastos_viveres] => 44
    [datos_medio_transporte] => Pasola a gasolina
    [datos_estado_transporte] => Bueno
    [datos_terrenos] => 0
    [datos_celular] => 1
    [datos_cantidad_celulare] => 2
    [datos_plan_celular] => 0
    [datos_observacion] => 33
    [datos_consentimiento] => 1
    [familiares] => Array
        (
            [0] => Array
                (
                    [nombres] => ghthtthththh
                    [apellidos] => hthstsrh
                    [documento] => 100200360
                    [telefono] => 09999
                    [etnia] => 239
                    [genero] => 244
                    [nivel_educacion] => 250
                    [estado_civil] => 251
                    [fecha_nacimiento] => 2025-12-25
                    [edad] => 33
                    [discapacidad] => No
                    [enfermedad] => 
                    [trabaja] => Sí
                    [ocupacion] => fffffgfgfg
                    [ingreso] => 544
                    [parentesco] => hijo
                )

        )

)

ERROR - 2025-12-26 00:46:28 --> CONTENT TYPE: application/json
ERROR - 2025-12-26 00:46:28 --> FECHA RECIBIDA MYSQL => '2025-12-25'
ERROR - 2025-12-26 00:46:28 --> 🔥 LOG DE PRUEBA: SyncEncuesta ejecutado
ERROR - 2025-12-26 00:46:28 --> JSON RECIBIDO: Array
(
    [uuid] => 96f6ef86-3d2b-4a98-8245-94093183aaf1
    [datos_cedula_voluntario] => 100200360
    [provincia] => 2
    [canton] => Cantón de Carchi
    [parroquia] => 150
    [tipo_parroquia] => urbano
    [datos_comunidades] => ff
    [datos_barrios] => fff
    [datos_tipo_viviendas] => 170
    [datos_techos] => 175
    [datos_paredes] => 179
    [datos_pisos] => 185
    [datos_cuarto] => 3
    [datos_combustibles_cocina] => 187
    [datos_servicios_higienicos] => 191
    [datos_viviendas] => 200
    [datos_pago_vivienda] => 33
    [datos_agua] => 
    [datos_pago_agua] => 3
    [datos_pago_luz] => 3
    [datos_cantidad_luz] => 3
    [datos_internet] => 1
    [datos_pago_internet] => 3
    [datos_tv_cable] => 1
    [datos_tv_pago] => 44
    [datos_eliminacion_basura] => 217
    [datos_lugares_viveres] => 225
    [datos_gastos_viveres] => 3
    [datos_medio_transporte] => Pasola a gasolina
    [datos_estado_transporte] => Bueno
    [datos_terrenos] => 0
    [datos_celular] => 1
    [datos_cantidad_celulare] => 3
    [datos_plan_celular] => 1
    [datos_observacion] => eee
    [datos_consentimiento] => 1
    [familiares] => Array
        (
        )

)

ERROR - 2025-12-26 00:46:28 --> CONTENT TYPE: application/json
ERROR - 2025-12-26 00:53:18 --> 🔥 LOG DE PRUEBA: SyncEncuesta ejecutado
ERROR - 2025-12-26 00:53:18 --> JSON RECIBIDO: Array
(
    [uuid] => c33fe657-a1b3-4f60-866d-8b133679ddfc
    [datos_cedula_voluntario] => 100200360
    [provincia] => 2
    [canton] => Cantón de Carchi
    [parroquia] => 141
    [tipo_parroquia] => urbano
    [datos_comunidades] => 100200360
    [datos_barrios] => 100200360
    [datos_tipo_viviendas] => 168
    [datos_techos] => 172
    [datos_paredes] => 176
    [datos_pisos] => 185
    [datos_cuarto] => 3
    [datos_combustibles_cocina] => 188
    [datos_servicios_higienicos] => 191
    [datos_viviendas] => 196
    [datos_pago_vivienda] => 3
    [datos_agua] => 
    [datos_pago_agua] => 3
    [datos_pago_luz] => 3
    [datos_cantidad_luz] => 3
    [datos_internet] => 0
    [datos_pago_internet] => 0
    [datos_tv_cable] => 1
    [datos_tv_pago] => 3
    [datos_eliminacion_basura] => 220
    [datos_lugares_viveres] => 227
    [datos_gastos_viveres] => 3
    [datos_medio_transporte] => Moto o pasola eléctrica
    [datos_estado_transporte] => Bueno
    [datos_terrenos] => 0
    [datos_celular] => 1
    [datos_cantidad_celulare] => 3
    [datos_plan_celular] => 1
    [datos_observacion] => 333
    [datos_consentimiento] => 1
    [familiares] => Array
        (
            [0] => Array
                (
                    [nombres] => gfrgrg
                    [apellidos] => grgrg
                    [documento] => 100200360
                    [telefono] => 100200360
                    [etnia] => 238
                    [genero] => 244
                    [nivel_educacion] => 249
                    [estado_civil] => 253
                    [fecha_nacimiento] => 2025-12-25
                    [edad] => 33
                    [discapacidad] => Sí
                    [enfermedad] => Nssss
                    [trabaja] => No
                    [ocupacion] => 
                    [ingreso] => 100200360
                    [parentesco] => 100200360
                )

        )

)

ERROR - 2025-12-26 00:53:18 --> CONTENT TYPE: application/json
ERROR - 2025-12-26 00:53:18 --> FECHA RECIBIDA MYSQL => '2025-12-25'
ERROR - 2025-12-26 15:40:28 --> 🔥 LOG DE PRUEBA: SyncEncuesta ejecutado
ERROR - 2025-12-26 15:40:28 --> JSON RECIBIDO: Array
(
    [uuid] => a34d4a64-c3c4-4d27-b262-76c6b44bd25a
    [datos_cedula_voluntario] => 100200360
    [provincia] => 2
    [canton] => Cantón de Carchi
    [parroquia] => 142
    [tipo_parroquia] => rural
    [datos_comunidades] => ddd
    [datos_barrios] => ddd
    [datos_tipo_viviendas] => 169
    [datos_techos] => 172
    [datos_paredes] => 179
    [datos_pisos] => 183
    [datos_cuarto] => 4
    [datos_combustibles_cocina] => 188
    [datos_servicios_higienicos] => 191
    [datos_viviendas] => 199
    [datos_pago_vivienda] => 4
    [datos_agua] => 
    [datos_pago_agua] => 4
    [datos_pago_luz] => 4
    [datos_cantidad_luz] => 4
    [datos_internet] => 1
    [datos_pago_internet] => 44
    [datos_tv_cable] => 0
    [datos_tv_pago] => 0
    [datos_eliminacion_basura] => 220
    [datos_lugares_viveres] => 227
    [datos_gastos_viveres] => 4
    [datos_medio_transporte] => Pasola a gasolina
    [datos_estado_transporte] => Bueno
    [datos_terrenos] => 1
    [datos_celular] => 1
    [datos_cantidad_celulare] => 4
    [datos_plan_celular] => 0
    [datos_observacion] => 44444 100200360
    [datos_consentimiento] => 1
    [familiares] => Array
        (
            [0] => Array
                (
                    [nombres] => ga
                    [apellidos] => ga
                    [documento] => 100200360
                    [telefono] => 100200360
                    [etnia] => 236
                    [genero] => 242
                    [nivel_educacion] => 248
                    [estado_civil] => 252
                    [fecha_nacimiento] => 2025-12-26
                    [edad] => 33
                    [discapacidad] => No
                    [enfermedad] => 
                    [trabaja] => Sí
                    [ocupacion] => sssss
                    [ingreso] => 222
                    [parentesco] => dd
                )

        )

)

ERROR - 2025-12-26 15:40:28 --> CONTENT TYPE: application/json
ERROR - 2025-12-26 15:40:29 --> FECHA RECIBIDA MYSQL => '2025-12-26'
ERROR - 2025-12-26 15:43:39 --> 🔥 LOG DE PRUEBA: SyncEncuesta ejecutado
ERROR - 2025-12-26 15:43:39 --> JSON RECIBIDO: Array
(
    [uuid] => ead6af24-eeff-410e-8d82-850dfb81d8e5
    [datos_cedula_voluntario] => 100200360
    [provincia] => 2
    [canton] => Cantón de Carchi
    [parroquia] => 141
    [tipo_parroquia] => urbano
    [datos_comunidades] => datos_agua
    [datos_barrios] => datos_agua
    [datos_tipo_viviendas] => 169
    [datos_techos] => 172
    [datos_paredes] => 176
    [datos_pisos] => 181
    [datos_cuarto] => 4
    [datos_combustibles_cocina] => 187
    [datos_servicios_higienicos] => 191
    [datos_viviendas] => 200
    [datos_pago_vivienda] => 4
    [datos_agua] => 0
    [datos_pago_agua] => 4
    [datos_pago_luz] => 4
    [datos_cantidad_luz] => 4
    [datos_internet] => 1
    [datos_pago_internet] => 44
    [datos_tv_cable] => 1
    [datos_tv_pago] => 4
    [datos_eliminacion_basura] => 218
    [datos_lugares_viveres] => 227
    [datos_gastos_viveres] => 4
    [datos_medio_transporte] => Moto
    [datos_estado_transporte] => Bueno
    [datos_terrenos] => 1
    [datos_celular] => 0
    [datos_cantidad_celulare] => 0
    [datos_plan_celular] => 1
    [datos_observacion] => datos_aguav100200360
    [datos_consentimiento] => 1
    [familiares] => Array
        (
            [0] => Array
                (
                    [nombres] => datos_agua
                    [apellidos] => datos_agua
                    [documento] => datos_agua
                    [telefono] => 3
                    [etnia] => 240
                    [genero] => 244
                    [nivel_educacion] => 250
                    [estado_civil] => 252
                    [fecha_nacimiento] => 2025-12-26
                    [edad] => 4
                    [discapacidad] => No
                    [enfermedad] => 
                    [trabaja] => No
                    [ocupacion] => 
                    [ingreso] => 4
                    [parentesco] => datos_agua
                )

        )

)

ERROR - 2025-12-26 15:43:39 --> CONTENT TYPE: application/json
ERROR - 2025-12-26 15:43:39 --> FECHA RECIBIDA MYSQL => '2025-12-26'
ERROR - 2025-12-26 15:56:57 --> 🔥 LOG DE PRUEBA: SyncEncuesta ejecutado
ERROR - 2025-12-26 15:56:57 --> JSON RECIBIDO: Array
(
    [uuid] => 21f670e9-478c-427d-a0e1-33ddec9df9ed
    [datos_cedula_voluntario] => 100200360
    [provincia] => 2
    [canton] => Cantón de Carchi
    [parroquia] => 151
    [tipo_parroquia] => rural
    [datos_comunidades] => 100200360
    [datos_barrios] => 100200360
    [datos_tipo_viviendas] => 170
    [datos_techos] => 174
    [datos_paredes] => 179
    [datos_pisos] => 185
    [datos_cuarto] => 100200360
    [datos_combustibles_cocina] => 187
    [datos_servicios_higienicos] => 192
    [datos_viviendas] => 200
    [datos_pago_vivienda] => 100200360
    [datos_agua] => 
    [datos_pago_agua] => 100200360
    [datos_pago_luz] => 100200360
    [datos_cantidad_luz] => 100200360
    [datos_internet] => 0
    [datos_pago_internet] => 0
    [datos_tv_cable] => 1
    [datos_tv_pago] => 100200360
    [datos_eliminacion_basura] => 218
    [datos_lugares_viveres] => 227
    [datos_gastos_viveres] => 100
    [datos_medio_transporte] => Pasola a gasolina
    [datos_estado_transporte] => Bueno
    [datos_terrenos] => 0
    [datos_celular] => 0
    [datos_cantidad_celulare] => 0
    [datos_plan_celular] => 1
    [datos_observacion] => 100200360
    [datos_consentimiento] => 1
    [familiares] => Array
        (
            [0] => Array
                (
                    [nombres] => iiiiikjjk
                    [apellidos] => iikkkkkk
                    [documento] => 100200360
                    [telefono] => 100200360
                    [etnia] => 240
                    [genero] => 244
                    [nivel_educacion] => 249
                    [estado_civil] => 252
                    [fecha_nacimiento] => 2025-12-26
                    [edad] => 100200360
                    [discapacidad] => No
                    [enfermedad] => 
                    [trabaja] => 
                    [ocupacion] => 
                    [ingreso] => 100200360
                    [parentesco] => ddd
                )

        )

)

ERROR - 2025-12-26 15:56:57 --> CONTENT TYPE: application/json
ERROR - 2025-12-26 15:56:57 --> FECHA RECIBIDA MYSQL => '2025-12-26'
ERROR - 2025-12-26 15:56:57 --> 🔥 LOG DE PRUEBA: SyncEncuesta ejecutado
ERROR - 2025-12-26 15:56:57 --> JSON RECIBIDO: Array
(
    [uuid] => 442c2026-84d7-48e8-ac47-d9b1530b5922
    [datos_cedula_voluntario] => 100200360
    [provincia] => 3
    [canton] => Cantón de Imbabura
    [parroquia] => 99
    [tipo_parroquia] => urbano
    [datos_comunidades] => 100200360
    [datos_barrios] => 100200360
    [datos_tipo_viviendas] => 168
    [datos_techos] => 172
    [datos_paredes] => 176
    [datos_pisos] => 181
    [datos_cuarto] => 100200360
    [datos_combustibles_cocina] => 188
    [datos_servicios_higienicos] => 191
    [datos_viviendas] => 197
    [datos_pago_vivienda] => 100200360
    [datos_agua] => 
    [datos_pago_agua] => 100200360
    [datos_pago_luz] => 100200360
    [datos_cantidad_luz] => 100200360
    [datos_internet] => 0
    [datos_pago_internet] => 0
    [datos_tv_cable] => 0
    [datos_tv_pago] => 0
    [datos_eliminacion_basura] => 220
    [datos_lugares_viveres] => 227
    [datos_gastos_viveres] => 100200360
    [datos_medio_transporte] => Moto o pasola eléctrica
    [datos_estado_transporte] => Malo
    [datos_terrenos] => 0
    [datos_celular] => 0
    [datos_cantidad_celulare] => 0
    [datos_plan_celular] => 1
    [datos_observacion] => 100200360
    [datos_consentimiento] => 1
    [familiares] => Array
        (
            [0] => Array
                (
                    [nombres] => nat
                    [apellidos] => ant
                    [documento] => v100200360
                    [telefono] => 100200360
                    [etnia] => 240
                    [genero] => 245
                    [nivel_educacion] => 247
                    [estado_civil] => 254
                    [fecha_nacimiento] => 2025-12-26
                    [edad] => 100200360
                    [discapacidad] => No
                    [enfermedad] => 
                    [trabaja] => Sí
                    [ocupacion] => 100200360
                    [ingreso] => 100200360
                    [parentesco] => 100200360
                )

        )

)

ERROR - 2025-12-26 15:56:57 --> CONTENT TYPE: application/json
ERROR - 2025-12-26 15:56:57 --> FECHA RECIBIDA MYSQL => '2025-12-26'
ERROR - 2025-12-26 15:56:57 --> 🔥 LOG DE PRUEBA: SyncEncuesta ejecutado
ERROR - 2025-12-26 15:56:57 --> JSON RECIBIDO: Array
(
    [uuid] => c6bdeb5f-34d3-40af-bdcb-b6125c450984
    [datos_cedula_voluntario] => 100200360
    [provincia] => 2
    [canton] => Cantón de Carchi
    [parroquia] => 150
    [tipo_parroquia] => urbano
    [datos_comunidades] => 100200360
    [datos_barrios] => 100200360
    [datos_tipo_viviendas] => 170
    [datos_techos] => 174
    [datos_paredes] => 179
    [datos_pisos] => 185
    [datos_cuarto] => 100200360
    [datos_combustibles_cocina] => 188
    [datos_servicios_higienicos] => 192
    [datos_viviendas] => 200
    [datos_pago_vivienda] => 100200360
    [datos_agua] => 
    [datos_pago_agua] => 100200360
    [datos_pago_luz] => 100200360
    [datos_cantidad_luz] => 100200360
    [datos_internet] => 0
    [datos_pago_internet] => 0
    [datos_tv_cable] => 0
    [datos_tv_pago] => 0
    [datos_eliminacion_basura] => 220
    [datos_lugares_viveres] => 222
    [datos_gastos_viveres] => 100200360
    [datos_medio_transporte] => Moto
    [datos_estado_transporte] => Regular
    [datos_terrenos] => 0
    [datos_celular] => 0
    [datos_cantidad_celulare] => 0
    [datos_plan_celular] => 0
    [datos_observacion] => 100200360
    [datos_consentimiento] => 1
    [familiares] => Array
        (
            [0] => Array
                (
                    [nombres] => 100200360
                    [apellidos] => 100200360
                    [documento] => 100200360
                    [telefono] => 100200360
                    [etnia] => 241
                    [genero] => 242
                    [nivel_educacion] => 246
                    [estado_civil] => 251
                    [fecha_nacimiento] => 2025-12-26
                    [edad] => 100200360
                    [discapacidad] => No
                    [enfermedad] => 
                    [trabaja] => No
                    [ocupacion] => 
                    [ingreso] => 100200360
                    [parentesco] => 100200360
                )

        )

)

ERROR - 2025-12-26 15:56:57 --> CONTENT TYPE: application/json
ERROR - 2025-12-26 15:56:58 --> FECHA RECIBIDA MYSQL => '2025-12-26'
ERROR - 2025-12-26 16:04:48 --> 🔥 LOG DE PRUEBA: SyncEncuesta ejecutado
ERROR - 2025-12-26 16:04:48 --> JSON RECIBIDO: Array
(
    [uuid] => d5d71769-53e8-4e1b-abef-3ef8ae358e1a
    [datos_cedula_voluntario] => 100200360
    [provincia] => 2
    [canton] => Tulcán
    [parroquia] => 141
    [tipo_parroquia] => urbano
    [datos_comunidades] => get_descripcion_item
    [datos_barrios] => get_descripcion_item
    [datos_tipo_viviendas] => 170
    [datos_techos] => 174
    [datos_paredes] => 179
    [datos_pisos] => 184
    [datos_cuarto] => 3
    [datos_combustibles_cocina] => 188
    [datos_servicios_higienicos] => 191
    [datos_viviendas] => 199
    [datos_pago_vivienda] => 44
    [datos_agua] => 
    [datos_pago_agua] => 3
    [datos_pago_luz] => 3
    [datos_cantidad_luz] => 3
    [datos_internet] => 1
    [datos_pago_internet] => 33
    [datos_tv_cable] => 1
    [datos_tv_pago] => 22
    [datos_eliminacion_basura] => 218
    [datos_lugares_viveres] => 222
    [datos_gastos_viveres] => 3
    [datos_medio_transporte] => Moto
    [datos_estado_transporte] => Bueno
    [datos_terrenos] => 1
    [datos_celular] => 1
    [datos_cantidad_celulare] => 3
    [datos_plan_celular] => 0
    [datos_observacion] => 100200360
    [datos_consentimiento] => 1
    [familiares] => Array
        (
            [0] => Array
                (
                    [nombres] => natyah
                    [apellidos] => agfger
                    [documento] => 100200360
                    [telefono] => 100200360
                    [etnia] => 239
                    [genero] => 244
                    [nivel_educacion] => 248
                    [estado_civil] => 254
                    [fecha_nacimiento] => 2025-12-26
                    [edad] => 100200360
                    [discapacidad] => Sí
                    [enfermedad] => get_descripcion_item
                    [trabaja] => Sí
                    [ocupacion] => get_descripcion_item
                    [ingreso] => 33
                    [parentesco] => get_descripcion_item
                )

        )

)

ERROR - 2025-12-26 16:04:48 --> CONTENT TYPE: application/json
ERROR - 2025-12-26 16:04:48 --> FECHA RECIBIDA MYSQL => '2025-12-26'
ERROR - 2025-12-26 16:18:08 --> 🔥 LOG DE PRUEBA: SyncEncuesta ejecutado
ERROR - 2025-12-26 16:18:08 --> JSON RECIBIDO: Array
(
    [uuid] => 6615bd26-44db-4641-a2bc-036c6e13cb60
    [datos_cedula_voluntario] => 100200360
    [provincia] => 2
    [canton] => Bolívar
    [parroquia] => 150
    [tipo_parroquia] => urbano
    [datos_comunidades] => 100200360
    [datos_barrios] => 100200360
    [datos_tipo_viviendas] => 168
    [datos_techos] => 172
    [datos_paredes] => 176
    [datos_pisos] => 181
    [datos_cuarto] => 100200360
    [datos_combustibles_cocina] => 188
    [datos_servicios_higienicos] => 192
    [datos_viviendas] => 196
    [datos_pago_vivienda] => 100200360
    [datos_agua] => 
    [datos_pago_agua] => 100200360
    [datos_pago_luz] => 100200360
    [datos_cantidad_luz] => 100200360
    [datos_internet] => 0
    [datos_pago_internet] => 0
    [datos_tv_cable] => 1
    [datos_tv_pago] => 100200360
    [datos_eliminacion_basura] => 217
    [datos_lugares_viveres] => 226
    [datos_gastos_viveres] => 100200360
    [datos_medio_transporte] => Carro
    [datos_estado_transporte] => Bueno
    [datos_terrenos] => 1
    [datos_celular] => 1
    [datos_cantidad_celulare] => 100200360
    [datos_plan_celular] => 1
    [datos_observacion] => 100200360
    [datos_consentimiento] => 1
    [familiares] => Array
        (
        )

)

ERROR - 2025-12-26 16:18:08 --> CONTENT TYPE: application/json
ERROR - 2025-12-26 16:21:59 --> 🔥 LOG DE PRUEBA: SyncEncuesta ejecutado
ERROR - 2025-12-26 16:21:59 --> JSON RECIBIDO: Array
(
    [uuid] => 81755758-d697-4161-a3d9-a76594007847
    [datos_cedula_voluntario] => 100200360
    [provincia] => 3
    [canton] => Ibarra
    [parroquia] => 99
    [tipo_parroquia] => urbano
    [datos_comunidades] => 100200360
    [datos_barrios] => 100200360
    [datos_tipo_viviendas] => 169
    [datos_techos] => 172
    [datos_paredes] => 176
    [datos_pisos] => 185
    [datos_cuarto] => 100200360
    [datos_combustibles_cocina] => 187
    [datos_servicios_higienicos] => 191
    [datos_viviendas] => 200
    [datos_pago_vivienda] => 100200360
    [datos_agua] => 
    [datos_pago_agua] => 100200360
    [datos_pago_luz] => 100200360
    [datos_cantidad_luz] => 100200360
    [datos_internet] => 0
    [datos_pago_internet] => 0
    [datos_tv_cable] => 1
    [datos_tv_pago] => 100200360
    [datos_eliminacion_basura] => 218
    [datos_lugares_viveres] => 222
    [datos_gastos_viveres] => 100200360
    [datos_medio_transporte] => Carro
    [datos_estado_transporte] => Bueno
    [datos_terrenos] => 1
    [datos_celular] => 1
    [datos_cantidad_celulare] => 100200360
    [datos_plan_celular] => 1
    [datos_observacion] => 100200360
    [datos_consentimiento] => 1
    [familiares] => Array
        (
            [0] => Array
                (
                    [nombres] => 100200360 version 
                    [apellidos] => 100200360
                    [documento] => 100200360
                    [telefono] => 100200360
                    [etnia] => 240
                    [genero] => 242
                    [nivel_educacion] => 246
                    [estado_civil] => 251
                    [fecha_nacimiento] => 2025-12-26
                    [edad] => 3
                    [discapacidad] => Sí
                    [enfermedad] => 3
                    [trabaja] => No
                    [ocupacion] => 
                    [ingreso] => 3
                    [parentesco] => 3
                )

        )

)

ERROR - 2025-12-26 16:21:59 --> CONTENT TYPE: application/json
ERROR - 2025-12-26 16:21:59 --> FECHA RECIBIDA MYSQL => '2025-12-26'
ERROR - 2025-12-26 16:26:44 --> 🔥 LOG DE PRUEBA: SyncEncuesta ejecutado
ERROR - 2025-12-26 16:26:44 --> JSON RECIBIDO: Array
(
    [uuid] => e4be75ee-b2e5-4008-bf97-4f3e19c56a7d
    [datos_cedula_voluntario] => 100200360
    [provincia] => 3
    [canton] => 5
    [parroquia] => 127
    [tipo_parroquia] => 20
    [datos_comunidades] => 100200360
    [datos_barrios] => 100200360
    [datos_tipo_viviendas] => Cuartos
    [datos_techos] => Zinc
    [datos_paredes] => Adobe
    [datos_pisos] => Tierra
    [datos_cuarto] => 100200360
    [datos_combustibles_cocina] => Leña
    [datos_servicios_higienicos] => Pozo ciego
    [datos_viviendas] => Propia y esta pagadando
    [datos_pago_vivienda] => 100,200,360.00
    [datos_agua] => Carro repartidor
    [datos_pago_agua] => 100,200,360.00
    [datos_pago_luz] => 100,200,360.00
    [datos_cantidad_luz] => 100200360
    [datos_internet] => No
    [datos_pago_internet] => 
    [datos_tv_cable] => No
    [datos_tv_pago] => 
    [datos_eliminacion_basura] => Reciclan/entierran
    [datos_lugares_viveres] => Trueques
    [datos_gastos_viveres] => 100,200,360.00
    [datos_medio_transporte] => Pasola a gasolina
    [datos_estado_transporte] => Malo
    [datos_terrenos] => Sí
    [datos_celular] => No
    [datos_cantidad_celulare] => 0
    [datos_plan_celular] => No
    [datos_observacion] => 100200360
    [datos_consentimiento] => 1
    [familiares] => Array
        (
        )

)

ERROR - 2025-12-26 16:26:44 --> CONTENT TYPE: application/json
ERROR - 2025-12-26 16:35:06 --> 🔥 LOG DE PRUEBA: SyncEncuesta ejecutado
ERROR - 2025-12-26 16:35:06 --> JSON RECIBIDO: Array
(
    [uuid] => 670e6c3e-424d-47fc-bb1d-245d978329ea
    [datos_cedula_voluntario] => 100200360
    [provincia] => 2
    [canton] => 10
    [parroquia] => 141
    [tipo_parroquia] => 20
    [datos_comunidades] => nathan version
    [datos_barrios] => nathan version
    [datos_tipo_viviendas] => 168
    [datos_techos] => 172
    [datos_paredes] => 176
    [datos_pisos] => 181
    [datos_cuarto] => 4
    [datos_combustibles_cocina] => 188
    [datos_servicios_higienicos] => 191
    [datos_viviendas] => 200
    [datos_pago_vivienda] => 4
    [datos_agua] => Carro repartidor
    [datos_pago_agua] => 4
    [datos_pago_luz] => 4
    [datos_cantidad_luz] => 4
    [datos_internet] => No
    [datos_pago_internet] => 0
    [datos_tv_cable] => No
    [datos_tv_pago] => 0
    [datos_eliminacion_basura] => La queman
    [datos_lugares_viveres] => Tienda del barrio
    [datos_gastos_viveres] => 4
    [datos_medio_transporte] => Moto o pasola eléctrica
    [datos_estado_transporte] => Malo
    [datos_terrenos] => No
    [datos_celular] => No
    [datos_cantidad_celulare] => 0
    [datos_plan_celular] => Sí
    [datos_observacion] => 4
    [datos_consentimiento] => 1
    [familiares] => Array
        (
        )

)

ERROR - 2025-12-26 16:35:06 --> CONTENT TYPE: application/json
ERROR - 2025-12-26 16:45:41 --> 🔥 LOG DE PRUEBA: SyncEncuesta ejecutado
ERROR - 2025-12-26 16:45:41 --> JSON RECIBIDO: Array
(
    [uuid] => 865daaea-996c-4168-ad62-16c14e0a0db8
    [datos_cedula_voluntario] => 100200360
    [provincia] => 2
    [canton] => 10
    [parroquia] => 141
    [tipo_parroquia] => 20
    [datos_comunidades] => nathan version
    [datos_barrios] => nathan version
    [datos_tipo_viviendas] => 169
    [datos_techos] => 174
    [datos_paredes] => 179
    [datos_pisos] => 185
    [datos_cuarto] => 3
    [datos_combustibles_cocina] => 189
    [datos_servicios_higienicos] => 194
    [datos_viviendas] => 199
    [datos_pago_vivienda] => 4
    [datos_agua] => 205
    [datos_pago_agua] => 4
    [datos_pago_luz] => 4
    [datos_cantidad_luz] => 4
    [datos_internet] => Sí
    [datos_pago_internet] => 4
    [datos_tv_cable] => Sí
    [datos_tv_pago] => 4
    [datos_eliminacion_basura] => 217
    [datos_lugares_viveres] => 226
    [datos_gastos_viveres] => 4
    [datos_medio_transporte] => Moto o pasola eléctrica
    [datos_estado_transporte] => Bueno
    [datos_terrenos] => No
    [datos_celular] => Sí
    [datos_cantidad_celulare] => 4
    [datos_plan_celular] => No
    [datos_observacion] => 44444
    [datos_consentimiento] => 1
    [familiares] => Array
        (
            [0] => Array
                (
                    [nombres] => nathan version
                    [apellidos] => nathan version
                    [documento] => nathan version
                    [telefono] => 3
                    [etnia] => 240
                    [genero] => 242
                    [nivel_educacion] => 249
                    [estado_civil] => 254
                    [fecha_nacimiento] => 2025-12-26
                    [edad] => 44
                    [discapacidad] => No
                    [enfermedad] => 
                    [trabaja] => Sí
                    [ocupacion] => 3
                    [ingreso] => 34
                    [parentesco] => fff
                )

        )

)

ERROR - 2025-12-26 16:45:41 --> CONTENT TYPE: application/json
ERROR - 2025-12-26 16:45:41 --> FECHA RECIBIDA MYSQL => '2025-12-26'
ERROR - 2025-12-26 17:45:43 --> 🔥 LOG DE PRUEBA: SyncEncuesta ejecutado
ERROR - 2025-12-26 17:45:43 --> JSON RECIBIDO: Array
(
    [uuid] => c69f86ab-a4f1-4ff0-abfb-4b76dbbf7010
    [datos_cedula_voluntario] => 100200360
    [provincia] => 2
    [canton] => 10
    [parroquia] => 141
    [tipo_parroquia] => 20
    [datos_comunidades] => nathan version working agua
    [datos_barrios] => nathan version working agua
    [datos_tipo_viviendas] => 168
    [datos_techos] => 172
    [datos_paredes] => 178
    [datos_pisos] => 185
    [datos_cuarto] => 3
    [datos_combustibles_cocina] => 190
    [datos_servicios_higienicos] => 194
    [datos_viviendas] => 200
    [datos_pago_vivienda] => 3
    [datos_agua] => 205
    [datos_pago_agua] => 3
    [datos_pago_luz] => 3
    [datos_cantidad_luz] => 3
    [datos_internet] => 0
    [datos_pago_internet] => 0
    [datos_tv_cable] => 1
    [datos_tv_pago] => 33
    [datos_eliminacion_basura] => 220
    [datos_lugares_viveres] => 227
    [datos_gastos_viveres] => 33
    [datos_medio_transporte] => Ninguno
    [datos_estado_transporte] => Malo
    [datos_terrenos] => 1
    [datos_celular] => 1
    [datos_cantidad_celulare] => 3
    [datos_plan_celular] => 0
    [datos_observacion] => 333v nathan version working agua 100200360
    [datos_consentimiento] => 1
    [familiares] => Array
        (
            [0] => Array
                (
                    [nombres] => nathan version working agua
                    [apellidos] => nathan version working agua
                    [documento] => nathan version worki
                    [telefono] => 4
                    [etnia] => 239
                    [genero] => 244
                    [nivel_educacion] => 248
                    [estado_civil] => 252
                    [fecha_nacimiento] => 2025-12-26
                    [edad] => 4
                    [discapacidad] => No
                    [enfermedad] => 
                    [trabaja] => Sí
                    [ocupacion] => Chofer
                    [ingreso] => 44
                    [parentesco] => d
                )

        )

)

ERROR - 2025-12-26 17:45:43 --> CONTENT TYPE: application/json
ERROR - 2025-12-26 17:45:43 --> FECHA RECIBIDA MYSQL => '2025-12-26'
ERROR - 2025-12-26 17:49:41 --> 🔥 LOG DE PRUEBA: SyncEncuesta ejecutado
ERROR - 2025-12-26 17:49:41 --> JSON RECIBIDO: Array
(
    [uuid] => 1cf28e05-763c-44c9-ad9d-a1ea70bfe9f0
    [datos_cedula_voluntario] => 100200360
    [provincia] => 2
    [canton] => 10
    [parroquia] => 141
    [tipo_parroquia] => 20
    [datos_comunidades] => nathan version working agua
    [datos_barrios] => nathan version working agua
    [datos_tipo_viviendas] => 168
    [datos_techos] => 172
    [datos_paredes] => 178
    [datos_pisos] => 185
    [datos_cuarto] => 3
    [datos_combustibles_cocina] => 190
    [datos_servicios_higienicos] => 194
    [datos_viviendas] => 200
    [datos_pago_vivienda] => 3
    [datos_agua] => 202
    [datos_pago_agua] => 3
    [datos_pago_luz] => 3
    [datos_cantidad_luz] => 3
    [datos_internet] => 0
    [datos_pago_internet] => 0
    [datos_tv_cable] => 1
    [datos_tv_pago] => 33
    [datos_eliminacion_basura] => 220
    [datos_lugares_viveres] => 227
    [datos_gastos_viveres] => 33
    [datos_medio_transporte] => Ninguno
    [datos_estado_transporte] => Malo
    [datos_terrenos] => 1
    [datos_celular] => 1
    [datos_cantidad_celulare] => 3
    [datos_plan_celular] => 0
    [datos_observacion] => 333v nathan version working agua 100200360
    [datos_consentimiento] => 1
    [familiares] => Array
        (
            [0] => Array
                (
                    [nombres] => nathan version working agua
                    [apellidos] => nathan version working agua
                    [documento] => nathan version worki
                    [telefono] => 4
                    [etnia] => 239
                    [genero] => 244
                    [nivel_educacion] => 248
                    [estado_civil] => 252
                    [fecha_nacimiento] => 2025-12-26
                    [edad] => 4
                    [discapacidad] => No
                    [enfermedad] => 
                    [trabaja] => Sí
                    [ocupacion] => Chofer
                    [ingreso] => 44
                    [parentesco] => d
                )

        )

)

ERROR - 2025-12-26 17:49:41 --> CONTENT TYPE: application/json
ERROR - 2025-12-26 17:49:41 --> FECHA RECIBIDA MYSQL => '2025-12-26'
ERROR - 2025-12-26 17:57:03 --> 🔥 LOG DE PRUEBA: SyncEncuesta ejecutado
ERROR - 2025-12-26 17:57:03 --> JSON RECIBIDO: Array
(
    [uuid] => e7936011-340f-4e30-873a-b6fd299ad7f1
    [datos_cedula_voluntario] => 100200360
    [provincia] => 2
    [canton] => 10
    [parroquia] => 141
    [tipo_parroquia] => 20
    [datos_comunidades] => 100200360
    [datos_barrios] => 100200360
    [datos_tipo_viviendas] => 168
    [datos_techos] => 172
    [datos_paredes] => 176
    [datos_pisos] => 181
    [datos_cuarto] => 100200360
    [datos_combustibles_cocina] => 187
    [datos_servicios_higienicos] => 191
    [datos_viviendas] => 196
    [datos_pago_vivienda] => 100
    [datos_agua] => 202
    [datos_pago_agua] => 44
    [datos_pago_luz] => 4
    [datos_cantidad_luz] => 4
    [datos_internet] => 1
    [datos_pago_internet] => 44
    [datos_tv_cable] => 0
    [datos_tv_pago] => 0
    [datos_eliminacion_basura] => 217
    [datos_lugares_viveres] => 222
    [datos_gastos_viveres] => 4
    [datos_medio_transporte] => Moto
    [datos_estado_transporte] => Bueno
    [datos_terrenos] => 1
    [datos_celular] => 0
    [datos_cantidad_celulare] => 0
    [datos_plan_celular] => 0
    [datos_observacion] => 4
    [datos_consentimiento] => 1
    [familiares] => Array
        (
            [0] => Array
                (
                    [nombres] => juan pere pueba1
                    [apellidos] => juan pere pueba1
                    [documento] => 100200360
                    [telefono] => 100200360
                    [etnia] => 239
                    [genero] => 243
                    [nivel_educacion] => 249
                    [estado_civil] => 251
                    [fecha_nacimiento] => 2025-12-26
                    [edad] => 100200360
                    [discapacidad] => Sí
                    [enfermedad] => 360
                    [trabaja] => No
                    [ocupacion] => 
                    [ingreso] => 100200360
                    [parentesco] => 100200360
                )

        )

)

ERROR - 2025-12-26 17:57:03 --> CONTENT TYPE: application/json
ERROR - 2025-12-26 17:57:03 --> FECHA RECIBIDA MYSQL => '2025-12-26'
ERROR - 2025-12-26 18:29:11 --> 🔥 LOG DE PRUEBA: SyncEncuesta ejecutado
ERROR - 2025-12-26 18:29:11 --> JSON RECIBIDO: Array
(
    [uuid] => 4707ee19-287d-4554-9010-9c3ea3b393f1
    [datos_cedula_voluntario] => 100200360
    [provincia] => 2
    [canton] => 10
    [parroquia] => 141
    [tipo_parroquia] => 20
    [datos_comunidades] => 100200360
    [datos_barrios] => 100200360
    [datos_tipo_viviendas] => 168
    [datos_techos] => 172
    [datos_paredes] => 176
    [datos_pisos] => 181
    [datos_cuarto] => 100200360
    [datos_combustibles_cocina] => 187
    [datos_servicios_higienicos] => 191
    [datos_viviendas] => 196
    [datos_pago_vivienda] => 100
    [datos_agua] => 202
    [datos_pago_agua] => 44
    [datos_pago_luz] => 4
    [datos_cantidad_luz] => 4
    [datos_internet] => 1
    [datos_pago_internet] => 44
    [datos_tv_cable] => 0
    [datos_tv_pago] => 0
    [datos_eliminacion_basura] => 217
    [datos_lugares_viveres] => 222
    [datos_gastos_viveres] => 4
    [datos_medio_transporte] => Moto
    [datos_estado_transporte] => Bueno
    [datos_terrenos] => 1
    [datos_celular] => 0
    [datos_cantidad_celulare] => 0
    [datos_plan_celular] => 0
    [datos_observacion] => 4
    [datos_consentimiento] => 1
    [familiares] => Array
        (
            [0] => Array
                (
                    [nombres] => juan pere pueba1
                    [apellidos] => juan pere pueba1
                    [documento] => 100200360
                    [telefono] => 100200360
                    [etnia] => 239
                    [genero] => 243
                    [nivel_educacion] => 249
                    [estado_civil] => 251
                    [fecha_nacimiento] => 2025-12-26
                    [edad] => 100200360
                    [discapacidad] => Sí
                    [enfermedad] => 360
                    [trabaja] => No
                    [ocupacion] => 
                    [ingreso] => 100200360
                    [parentesco] => 100200360
                )

        )

)

ERROR - 2025-12-26 18:32:56 --> 🔥 LOG DE PRUEBA: SyncEncuesta ejecutado
ERROR - 2025-12-26 18:32:56 --> JSON RECIBIDO: Array
(
    [uuid] => 3a5d560b-938f-453d-8f5a-1db635fa962f
    [datos_cedula_voluntario] => 100200360
    [provincia] => 2
    [canton] => 10
    [parroquia] => 141
    [tipo_parroquia] => 20
    [datos_comunidades] => 100200360
    [datos_barrios] => 100200360
    [datos_tipo_viviendas] => 168
    [datos_techos] => 172
    [datos_paredes] => 176
    [datos_pisos] => 181
    [datos_cuarto] => 100200360
    [datos_combustibles_cocina] => 187
    [datos_servicios_higienicos] => 191
    [datos_viviendas] => 196
    [datos_pago_vivienda] => 100
    [datos_agua] => 202
    [datos_pago_agua] => 44
    [datos_pago_luz] => 4
    [datos_cantidad_luz] => 4
    [datos_internet] => 1
    [datos_pago_internet] => 44
    [datos_tv_cable] => 0
    [datos_tv_pago] => 0
    [datos_eliminacion_basura] => 217
    [datos_lugares_viveres] => 222
    [datos_gastos_viveres] => 4
    [datos_medio_transporte] => Moto
    [datos_estado_transporte] => Bueno
    [datos_terrenos] => 1
    [datos_celular] => 0
    [datos_cantidad_celulare] => 0
    [datos_plan_celular] => 0
    [datos_observacion] => 4
    [datos_consentimiento] => 1
    [familiares] => Array
        (
            [0] => Array
                (
                    [nombres] => juan pere pueba1
                    [apellidos] => juan pere pueba1
                    [documento] => 100200360
                    [telefono] => 100200360
                    [etnia] => 239
                    [genero] => 243
                    [nivel_educacion] => 249
                    [estado_civil] => 251
                    [fecha_nacimiento] => 2025-12-26
                    [edad] => 100200360
                    [discapacidad] => Sí
                    [enfermedad] => 360
                    [trabaja] => No
                    [ocupacion] => 
                    [ingreso] => 100200360
                    [parentesco] => 100200360
                )

        )

)

ERROR - 2025-12-26 18:32:56 --> CONTENT TYPE: application/json
ERROR - 2025-12-26 18:32:56 --> FECHA RECIBIDA MYSQL => '2025-12-26'
ERROR - 2025-12-26 18:34:28 --> 🔥 LOG DE PRUEBA: SyncEncuesta ejecutado
ERROR - 2025-12-26 18:34:28 --> JSON RECIBIDO: Array
(
    [uuid] => 1e12efaa-d180-48a6-9f71-e12d3e4c3f2e
    [datos_cedula_voluntario] => 100200360
    [provincia] => 2
    [canton] => 10
    [parroquia] => 141
    [tipo_parroquia] => 20
    [datos_comunidades] => 100200360
    [datos_barrios] => 100200360
    [datos_tipo_viviendas] => 168
    [datos_techos] => 172
    [datos_paredes] => 176
    [datos_pisos] => 181
    [datos_cuarto] => 100200360
    [datos_combustibles_cocina] => 187
    [datos_servicios_higienicos] => 191
    [datos_viviendas] => 196
    [datos_pago_vivienda] => 100
    [datos_agua] => 202
    [datos_pago_agua] => 44
    [datos_pago_luz] => 4
    [datos_cantidad_luz] => 4
    [datos_internet] => 1
    [datos_pago_internet] => 44
    [datos_tv_cable] => 0
    [datos_tv_pago] => 0
    [datos_eliminacion_basura] => 217
    [datos_lugares_viveres] => 222
    [datos_gastos_viveres] => 4
    [datos_medio_transporte] => Moto
    [datos_estado_transporte] => Bueno
    [datos_terrenos] => 1
    [datos_celular] => 0
    [datos_cantidad_celulare] => 0
    [datos_plan_celular] => 0
    [datos_observacion] => 4
    [datos_consentimiento] => 1
    [familiares] => Array
        (
            [0] => Array
                (
                    [nombres] => juan pere pueba1
                    [apellidos] => juan pere pueba1
                    [documento] => 100200360
                    [telefono] => 100200360
                    [etnia] => 239
                    [genero] => 243
                    [nivel_educacion] => 249
                    [estado_civil] => 251
                    [fecha_nacimiento] => 2025-12-26
                    [edad] => 100200360
                    [discapacidad] => Sí
                    [enfermedad] => 360
                    [trabaja] => No
                    [ocupacion] => 
                    [ingreso] => 100200360
                    [parentesco] => 100200360
                )

        )

)

ERROR - 2025-12-26 18:34:28 --> CONTENT TYPE: application/json
